[ 2018-04-21T17:56:03+08:00 ] 127.0.0.1 127.0.0.1 GET /admin/Usermanage/userlist
[ log ] localtp5.com/admin/Usermanage/userlist [运行时间：0.146540s][吞吐率：6.82req/s] [内存消耗：2,449.75kb] [文件加载：66]
[ info ] [ LANG ] D:\phpStudy\WWW\tp5\thinkphp\lang\zh-cn.php
[ info ] [ ROUTE ] array (
  'type' => 'module',
  'module' => 
  array (
    0 => 'admin',
    1 => 'Usermanage',
    2 => 'userlist',
  ),
)
[ info ] [ HEADER ] array (
  'cookie' => 'PHPSESSID=picks1oh28ubqlfc1ufkcigqb0',
  'accept-language' => 'zh-CN,zh;q=0.8',
  'accept-encoding' => 'gzip, deflate, sdch',
  'referer' => 'http://localtp5.com/admin/Powermanage/nodelist',
  'accept' => 'text/html,application/xhtml+xml,application/xml;q=0.9,image/webp,*/*;q=0.8',
  'user-agent' => 'Mozilla/5.0 (Windows NT 10.0; WOW64) AppleWebKit/537.36 (KHTML, like Gecko) Chrome/57.0.2987.98 Safari/537.36',
  'upgrade-insecure-requests' => '1',
  'cache-control' => 'max-age=0',
  'connection' => 'keep-alive',
  'host' => 'localtp5.com',
  'content-length' => '',
  'content-type' => '',
)
[ info ] [ PARAM ] array (
)
[ info ] [ DB ] INIT mysql
[ info ] [ RUN ] app\admin\controller\Usermanage->userlist[ D:\phpStudy\WWW\tp5\application\admin\controller\Usermanage.php ]
[ info ] [ SESSION ] INIT array (
  'id' => '',
  'var_session_id' => '',
  'prefix' => 'think',
  'type' => '',
  'auto_start' => true,
)
[ info ] [ VIEW ] D:\phpStudy\WWW\tp5\public/../application/admin\view\usermanage\userlist.html [ array (
  0 => 'headmenues',
  1 => 'submenues',
  2 => 'sysuser',
  3 => 'gradenum',
  4 => 'markid',
  5 => 'sysmsg',
  6 => 'syscode',
  7 => 'list',
  8 => 'page',
) ]
[ info ] [ LOG ] INIT File
[ error ] [4]语法错误: unexpected 'else' (T_ELSE)[D:\phpStudy\WWW\tp5\runtime\temp\1c4328652b57bc19c52af8e1e2cfea00.php:273]

---------------------------------------------------------------
[ 2018-04-21T17:58:05+08:00 ] 127.0.0.1 127.0.0.1 GET /admin/Usermanage/userlist
[ log ] localtp5.com/admin/Usermanage/userlist [运行时间：0.082906s][吞吐率：12.06req/s] [内存消耗：2,308.18kb] [文件加载：64]
[ info ] [ LANG ] D:\phpStudy\WWW\tp5\thinkphp\lang\zh-cn.php
[ info ] [ ROUTE ] array (
  'type' => 'module',
  'module' => 
  array (
    0 => 'admin',
    1 => 'Usermanage',
    2 => 'userlist',
  ),
)
[ info ] [ HEADER ] array (
  'cookie' => 'PHPSESSID=picks1oh28ubqlfc1ufkcigqb0',
  'accept-language' => 'zh-CN,zh;q=0.8',
  'accept-encoding' => 'gzip, deflate, sdch',
  'referer' => 'http://localtp5.com/admin/Powermanage/nodelist',
  'accept' => 'text/html,application/xhtml+xml,application/xml;q=0.9,image/webp,*/*;q=0.8',
  'user-agent' => 'Mozilla/5.0 (Windows NT 10.0; WOW64) AppleWebKit/537.36 (KHTML, like Gecko) Chrome/57.0.2987.98 Safari/537.36',
  'upgrade-insecure-requests' => '1',
  'cache-control' => 'max-age=0',
  'connection' => 'keep-alive',
  'host' => 'localtp5.com',
  'content-length' => '',
  'content-type' => '',
)
[ info ] [ PARAM ] array (
)
[ info ] [ DB ] INIT mysql
[ info ] [ RUN ] app\admin\controller\Usermanage->userlist[ D:\phpStudy\WWW\tp5\application\admin\controller\Usermanage.php ]
[ info ] [ SESSION ] INIT array (
  'id' => '',
  'var_session_id' => '',
  'prefix' => 'think',
  'type' => '',
  'auto_start' => true,
)
[ info ] [ VIEW ] D:\phpStudy\WWW\tp5\public/../application/admin\view\usermanage\userlist.html [ array (
  0 => 'headmenues',
  1 => 'submenues',
  2 => 'sysuser',
  3 => 'gradenum',
  4 => 'markid',
  5 => 'sysmsg',
  6 => 'syscode',
  7 => 'list',
  8 => 'page',
) ]
[ info ] [ LOG ] INIT File
[ error ] [4]语法错误: unexpected 'else' (T_ELSE)[D:\phpStudy\WWW\tp5\runtime\temp\1c4328652b57bc19c52af8e1e2cfea00.php:273]

---------------------------------------------------------------
[ 2018-04-21T17:59:14+08:00 ] 127.0.0.1 127.0.0.1 GET /admin/Usermanage/userlist
[ log ] localtp5.com/admin/Usermanage/userlist [运行时间：0.164951s][吞吐率：6.06req/s] [内存消耗：2,459.63kb] [文件加载：64]
[ info ] [ LANG ] D:\phpStudy\WWW\tp5\thinkphp\lang\zh-cn.php
[ info ] [ ROUTE ] array (
  'type' => 'module',
  'module' => 
  array (
    0 => 'admin',
    1 => 'Usermanage',
    2 => 'userlist',
  ),
)
[ info ] [ HEADER ] array (
  'cookie' => 'PHPSESSID=picks1oh28ubqlfc1ufkcigqb0',
  'accept-language' => 'zh-CN,zh;q=0.8',
  'accept-encoding' => 'gzip, deflate, sdch',
  'referer' => 'http://localtp5.com/admin/Powermanage/nodelist',
  'accept' => 'text/html,application/xhtml+xml,application/xml;q=0.9,image/webp,*/*;q=0.8',
  'user-agent' => 'Mozilla/5.0 (Windows NT 10.0; WOW64) AppleWebKit/537.36 (KHTML, like Gecko) Chrome/57.0.2987.98 Safari/537.36',
  'upgrade-insecure-requests' => '1',
  'cache-control' => 'max-age=0',
  'connection' => 'keep-alive',
  'host' => 'localtp5.com',
  'content-length' => '',
  'content-type' => '',
)
[ info ] [ PARAM ] array (
)
[ info ] [ DB ] INIT mysql
[ info ] [ RUN ] app\admin\controller\Usermanage->userlist[ D:\phpStudy\WWW\tp5\application\admin\controller\Usermanage.php ]
[ info ] [ SESSION ] INIT array (
  'id' => '',
  'var_session_id' => '',
  'prefix' => 'think',
  'type' => '',
  'auto_start' => true,
)
[ info ] [ VIEW ] D:\phpStudy\WWW\tp5\public/../application/admin\view\usermanage\userlist.html [ array (
  0 => 'headmenues',
  1 => 'submenues',
  2 => 'sysuser',
  3 => 'gradenum',
  4 => 'markid',
  5 => 'sysmsg',
  6 => 'syscode',
  7 => 'list',
  8 => 'page',
) ]
[ info ] [ LOG ] INIT File

---------------------------------------------------------------
[ 2018-04-21T17:59:16+08:00 ] 127.0.0.1 127.0.0.1 GET /admin/Usermanage/userlist
[ log ] localtp5.com/admin/Usermanage/userlist [运行时间：0.081434s][吞吐率：12.28req/s] [内存消耗：2,318.30kb] [文件加载：62]
[ info ] [ LANG ] D:\phpStudy\WWW\tp5\thinkphp\lang\zh-cn.php
[ info ] [ ROUTE ] array (
  'type' => 'module',
  'module' => 
  array (
    0 => 'admin',
    1 => 'Usermanage',
    2 => 'userlist',
  ),
)
[ info ] [ HEADER ] array (
  'cookie' => 'PHPSESSID=picks1oh28ubqlfc1ufkcigqb0',
  'accept-language' => 'zh-CN,zh;q=0.8',
  'accept-encoding' => 'gzip, deflate, sdch',
  'referer' => 'http://localtp5.com/admin/Usermanage/userlist',
  'accept' => 'text/html,application/xhtml+xml,application/xml;q=0.9,image/webp,*/*;q=0.8',
  'user-agent' => 'Mozilla/5.0 (Windows NT 10.0; WOW64) AppleWebKit/537.36 (KHTML, like Gecko) Chrome/57.0.2987.98 Safari/537.36',
  'upgrade-insecure-requests' => '1',
  'connection' => 'keep-alive',
  'host' => 'localtp5.com',
  'content-length' => '',
  'content-type' => '',
)
[ info ] [ PARAM ] array (
)
[ info ] [ DB ] INIT mysql
[ info ] [ RUN ] app\admin\controller\Usermanage->userlist[ D:\phpStudy\WWW\tp5\application\admin\controller\Usermanage.php ]
[ info ] [ SESSION ] INIT array (
  'id' => '',
  'var_session_id' => '',
  'prefix' => 'think',
  'type' => '',
  'auto_start' => true,
)
[ info ] [ VIEW ] D:\phpStudy\WWW\tp5\public/../application/admin\view\usermanage\userlist.html [ array (
  0 => 'headmenues',
  1 => 'submenues',
  2 => 'sysuser',
  3 => 'gradenum',
  4 => 'markid',
  5 => 'sysmsg',
  6 => 'syscode',
  7 => 'list',
  8 => 'page',
) ]
[ info ] [ LOG ] INIT File

---------------------------------------------------------------
[ 2018-04-21T17:59:18+08:00 ] 127.0.0.1 127.0.0.1 GET /admin/Usermanage/edit/uid/8
[ log ] localtp5.com/admin/Usermanage/edit/uid/8 [运行时间：0.136797s][吞吐率：7.31req/s] [内存消耗：2,362.65kb] [文件加载：62]
[ info ] [ LANG ] D:\phpStudy\WWW\tp5\thinkphp\lang\zh-cn.php
[ info ] [ ROUTE ] array (
  'type' => 'module',
  'module' => 
  array (
    0 => 'admin',
    1 => 'Usermanage',
    2 => 'edit',
  ),
)
[ info ] [ HEADER ] array (
  'cookie' => 'PHPSESSID=picks1oh28ubqlfc1ufkcigqb0',
  'accept-language' => 'zh-CN,zh;q=0.8',
  'accept-encoding' => 'gzip, deflate, sdch',
  'referer' => 'http://localtp5.com/admin/Usermanage/userlist',
  'accept' => 'text/html,application/xhtml+xml,application/xml;q=0.9,image/webp,*/*;q=0.8',
  'user-agent' => 'Mozilla/5.0 (Windows NT 10.0; WOW64) AppleWebKit/537.36 (KHTML, like Gecko) Chrome/57.0.2987.98 Safari/537.36',
  'upgrade-insecure-requests' => '1',
  'connection' => 'keep-alive',
  'host' => 'localtp5.com',
  'content-length' => '',
  'content-type' => '',
)
[ info ] [ PARAM ] array (
  'uid' => '8',
)
[ info ] [ DB ] INIT mysql
[ info ] [ RUN ] app\admin\controller\Usermanage->edit[ D:\phpStudy\WWW\tp5\application\admin\controller\Usermanage.php ]
[ info ] [ VIEW ] D:\phpStudy\WWW\tp5\public/../application/admin\view\usermanage\edit.html [ array (
  0 => 'headmenues',
  1 => 'submenues',
  2 => 'sysuser',
  3 => 'gradenum',
  4 => 'markid',
  5 => 'userinfo',
) ]
[ info ] [ LOG ] INIT File

---------------------------------------------------------------
[ 2018-04-21T17:59:42+08:00 ] 127.0.0.1 127.0.0.1 GET /admin/Usermanage/userlist
[ log ] localtp5.com/admin/Usermanage/userlist [运行时间：0.079951s][吞吐率：12.51req/s] [内存消耗：2,318.30kb] [文件加载：62]
[ info ] [ LANG ] D:\phpStudy\WWW\tp5\thinkphp\lang\zh-cn.php
[ info ] [ ROUTE ] array (
  'type' => 'module',
  'module' => 
  array (
    0 => 'admin',
    1 => 'Usermanage',
    2 => 'userlist',
  ),
)
[ info ] [ HEADER ] array (
  'cookie' => 'PHPSESSID=picks1oh28ubqlfc1ufkcigqb0',
  'accept-language' => 'zh-CN,zh;q=0.8',
  'accept-encoding' => 'gzip, deflate, sdch',
  'referer' => 'http://localtp5.com/admin/Usermanage/userlist',
  'accept' => 'text/html,application/xhtml+xml,application/xml;q=0.9,image/webp,*/*;q=0.8',
  'user-agent' => 'Mozilla/5.0 (Windows NT 10.0; WOW64) AppleWebKit/537.36 (KHTML, like Gecko) Chrome/57.0.2987.98 Safari/537.36',
  'upgrade-insecure-requests' => '1',
  'connection' => 'keep-alive',
  'host' => 'localtp5.com',
  'content-length' => '',
  'content-type' => '',
)
[ info ] [ PARAM ] array (
)
[ info ] [ DB ] INIT mysql
[ info ] [ RUN ] app\admin\controller\Usermanage->userlist[ D:\phpStudy\WWW\tp5\application\admin\controller\Usermanage.php ]
[ info ] [ SESSION ] INIT array (
  'id' => '',
  'var_session_id' => '',
  'prefix' => 'think',
  'type' => '',
  'auto_start' => true,
)
[ info ] [ VIEW ] D:\phpStudy\WWW\tp5\public/../application/admin\view\usermanage\userlist.html [ array (
  0 => 'headmenues',
  1 => 'submenues',
  2 => 'sysuser',
  3 => 'gradenum',
  4 => 'markid',
  5 => 'sysmsg',
  6 => 'syscode',
  7 => 'list',
  8 => 'page',
) ]
[ info ] [ LOG ] INIT File

---------------------------------------------------------------
[ 2018-04-21T17:59:44+08:00 ] 127.0.0.1 127.0.0.1 GET /admin/Usermanage/edit/uid/8
[ log ] localtp5.com/admin/Usermanage/edit/uid/8 [运行时间：0.146284s][吞吐率：6.84req/s] [内存消耗：2,362.57kb] [文件加载：62]
[ info ] [ LANG ] D:\phpStudy\WWW\tp5\thinkphp\lang\zh-cn.php
[ info ] [ ROUTE ] array (
  'type' => 'module',
  'module' => 
  array (
    0 => 'admin',
    1 => 'Usermanage',
    2 => 'edit',
  ),
)
[ info ] [ HEADER ] array (
  'cookie' => 'PHPSESSID=picks1oh28ubqlfc1ufkcigqb0',
  'accept-language' => 'zh-CN,zh;q=0.8',
  'accept-encoding' => 'gzip, deflate, sdch',
  'referer' => 'http://localtp5.com/admin/Usermanage/userlist',
  'accept' => 'text/html,application/xhtml+xml,application/xml;q=0.9,image/webp,*/*;q=0.8',
  'user-agent' => 'Mozilla/5.0 (Windows NT 10.0; WOW64) AppleWebKit/537.36 (KHTML, like Gecko) Chrome/57.0.2987.98 Safari/537.36',
  'upgrade-insecure-requests' => '1',
  'connection' => 'keep-alive',
  'host' => 'localtp5.com',
  'content-length' => '',
  'content-type' => '',
)
[ info ] [ PARAM ] array (
  'uid' => '8',
)
[ info ] [ DB ] INIT mysql
[ info ] [ RUN ] app\admin\controller\Usermanage->edit[ D:\phpStudy\WWW\tp5\application\admin\controller\Usermanage.php ]
[ info ] [ VIEW ] D:\phpStudy\WWW\tp5\public/../application/admin\view\usermanage\edit.html [ array (
  0 => 'headmenues',
  1 => 'submenues',
  2 => 'sysuser',
  3 => 'gradenum',
  4 => 'markid',
  5 => 'userinfo',
) ]
[ info ] [ LOG ] INIT File

---------------------------------------------------------------
[ 2018-04-21T17:59:47+08:00 ] 127.0.0.1 127.0.0.1 GET /admin/usermanage/add.html
[ log ] localtp5.com/admin/usermanage/add.html [运行时间：0.103631s][吞吐率：9.65req/s] [内存消耗：2,327.23kb] [文件加载：61]
[ info ] [ LANG ] D:\phpStudy\WWW\tp5\thinkphp\lang\zh-cn.php
[ info ] [ ROUTE ] array (
  'type' => 'module',
  'module' => 
  array (
    0 => 'admin',
    1 => 'usermanage',
    2 => 'add',
  ),
)
[ info ] [ HEADER ] array (
  'cookie' => 'PHPSESSID=picks1oh28ubqlfc1ufkcigqb0',
  'accept-language' => 'zh-CN,zh;q=0.8',
  'accept-encoding' => 'gzip, deflate, sdch',
  'referer' => 'http://localtp5.com/admin/Usermanage/userlist',
  'accept' => 'text/html,application/xhtml+xml,application/xml;q=0.9,image/webp,*/*;q=0.8',
  'user-agent' => 'Mozilla/5.0 (Windows NT 10.0; WOW64) AppleWebKit/537.36 (KHTML, like Gecko) Chrome/57.0.2987.98 Safari/537.36',
  'upgrade-insecure-requests' => '1',
  'connection' => 'keep-alive',
  'host' => 'localtp5.com',
  'content-length' => '',
  'content-type' => '',
)
[ info ] [ PARAM ] array (
)
[ info ] [ DB ] INIT mysql
[ info ] [ RUN ] app\admin\controller\Usermanage->add[ D:\phpStudy\WWW\tp5\application\admin\controller\Usermanage.php ]
[ info ] [ VIEW ] D:\phpStudy\WWW\tp5\public/../application/admin\view\usermanage\add.html [ array (
  0 => 'headmenues',
  1 => 'submenues',
  2 => 'sysuser',
  3 => 'gradenum',
  4 => 'markid',
) ]
[ info ] [ LOG ] INIT File

---------------------------------------------------------------
[ 2018-04-21T17:59:50+08:00 ] 127.0.0.1 127.0.0.1 GET /admin/Powermanage/nodelist
[ log ] localtp5.com/admin/Powermanage/nodelist [运行时间：0.138223s][吞吐率：7.23req/s] [内存消耗：2,397.78kb] [文件加载：61]
[ info ] [ LANG ] D:\phpStudy\WWW\tp5\thinkphp\lang\zh-cn.php
[ info ] [ ROUTE ] array (
  'type' => 'module',
  'module' => 
  array (
    0 => 'admin',
    1 => 'Powermanage',
    2 => 'nodelist',
  ),
)
[ info ] [ HEADER ] array (
  'cookie' => 'PHPSESSID=picks1oh28ubqlfc1ufkcigqb0',
  'accept-language' => 'zh-CN,zh;q=0.8',
  'accept-encoding' => 'gzip, deflate, sdch',
  'referer' => 'http://localtp5.com/admin/Usermanage/userlist',
  'accept' => 'text/html,application/xhtml+xml,application/xml;q=0.9,image/webp,*/*;q=0.8',
  'user-agent' => 'Mozilla/5.0 (Windows NT 10.0; WOW64) AppleWebKit/537.36 (KHTML, like Gecko) Chrome/57.0.2987.98 Safari/537.36',
  'upgrade-insecure-requests' => '1',
  'connection' => 'keep-alive',
  'host' => 'localtp5.com',
  'content-length' => '',
  'content-type' => '',
)
[ info ] [ PARAM ] array (
)
[ info ] [ DB ] INIT mysql
[ info ] [ RUN ] app\admin\controller\Powermanage->nodelist[ D:\phpStudy\WWW\tp5\application\admin\controller\Powermanage.php ]
[ info ] [ SESSION ] INIT array (
  'id' => '',
  'var_session_id' => '',
  'prefix' => 'think',
  'type' => '',
  'auto_start' => true,
)
[ info ] [ VIEW ] D:\phpStudy\WWW\tp5\public/../application/admin\view\powermanage\nodelist.html [ array (
  0 => 'headmenues',
  1 => 'submenues',
  2 => 'sysuser',
  3 => 'gradenum',
  4 => 'markid',
  5 => 'sysmsg',
  6 => 'syscode',
  7 => 'list',
) ]
[ info ] [ LOG ] INIT File

---------------------------------------------------------------
[ 2018-04-21T17:59:52+08:00 ] 127.0.0.1 127.0.0.1 GET /admin/powermanage/add.html
[ log ] localtp5.com/admin/powermanage/add.html [运行时间：0.135221s][吞吐率：7.40req/s] [内存消耗：2,326.71kb] [文件加载：61]
[ info ] [ LANG ] D:\phpStudy\WWW\tp5\thinkphp\lang\zh-cn.php
[ info ] [ ROUTE ] array (
  'type' => 'module',
  'module' => 
  array (
    0 => 'admin',
    1 => 'powermanage',
    2 => 'add',
  ),
)
[ info ] [ HEADER ] array (
  'cookie' => 'PHPSESSID=picks1oh28ubqlfc1ufkcigqb0',
  'accept-language' => 'zh-CN,zh;q=0.8',
  'accept-encoding' => 'gzip, deflate, sdch',
  'referer' => 'http://localtp5.com/admin/Powermanage/nodelist',
  'accept' => 'text/html,application/xhtml+xml,application/xml;q=0.9,image/webp,*/*;q=0.8',
  'user-agent' => 'Mozilla/5.0 (Windows NT 10.0; WOW64) AppleWebKit/537.36 (KHTML, like Gecko) Chrome/57.0.2987.98 Safari/537.36',
  'upgrade-insecure-requests' => '1',
  'connection' => 'keep-alive',
  'host' => 'localtp5.com',
  'content-length' => '',
  'content-type' => '',
)
[ info ] [ PARAM ] array (
)
[ info ] [ DB ] INIT mysql
[ info ] [ RUN ] app\admin\controller\Powermanage->add[ D:\phpStudy\WWW\tp5\application\admin\controller\Powermanage.php ]
[ info ] [ VIEW ] D:\phpStudy\WWW\tp5\public/../application/admin\view\powermanage\add.html [ array (
  0 => 'pidsarr',
) ]
[ info ] [ LOG ] INIT File

---------------------------------------------------------------
[ 2018-04-21T17:59:55+08:00 ] 127.0.0.1 127.0.0.1 GET /admin/Powermanage/edit/eid/2
[ log ] localtp5.com/admin/Powermanage/edit/eid/2 [运行时间：0.199369s][吞吐率：5.02req/s] [内存消耗：2,331.02kb] [文件加载：61]
[ info ] [ LANG ] D:\phpStudy\WWW\tp5\thinkphp\lang\zh-cn.php
[ info ] [ ROUTE ] array (
  'type' => 'module',
  'module' => 
  array (
    0 => 'admin',
    1 => 'Powermanage',
    2 => 'edit',
  ),
)
[ info ] [ HEADER ] array (
  'cookie' => 'PHPSESSID=picks1oh28ubqlfc1ufkcigqb0',
  'accept-language' => 'zh-CN,zh;q=0.8',
  'accept-encoding' => 'gzip, deflate, sdch',
  'referer' => 'http://localtp5.com/admin/Powermanage/nodelist',
  'accept' => 'text/html,application/xhtml+xml,application/xml;q=0.9,image/webp,*/*;q=0.8',
  'user-agent' => 'Mozilla/5.0 (Windows NT 10.0; WOW64) AppleWebKit/537.36 (KHTML, like Gecko) Chrome/57.0.2987.98 Safari/537.36',
  'upgrade-insecure-requests' => '1',
  'connection' => 'keep-alive',
  'host' => 'localtp5.com',
  'content-length' => '',
  'content-type' => '',
)
[ info ] [ PARAM ] array (
  'eid' => '2',
)
[ info ] [ DB ] INIT mysql
[ info ] [ RUN ] app\admin\controller\Powermanage->edit[ D:\phpStudy\WWW\tp5\application\admin\controller\Powermanage.php ]
[ info ] [ VIEW ] D:\phpStudy\WWW\tp5\public/../application/admin\view\powermanage\edit.html [ array (
  0 => 'datainfo',
  1 => 'pidsarr',
) ]
[ info ] [ LOG ] INIT File

---------------------------------------------------------------
