[ 2018-04-23T00:02:46+08:00 ] 127.0.0.1 127.0.0.1 GET /admin/Powermanage/rolelist
[ log ] localtp5.com/admin/Powermanage/rolelist [运行时间：0.090244s][吞吐率：11.08req/s] [内存消耗：2,265.74kb] [文件加载：60]
[ info ] [ LANG ] D:\phpStudy\WWW\tp5\thinkphp\lang\zh-cn.php
[ info ] [ ROUTE ] array (
  'type' => 'module',
  'module' => 
  array (
    0 => 'admin',
    1 => 'Powermanage',
    2 => 'rolelist',
  ),
)
[ info ] [ HEADER ] array (
  'cookie' => 'PHPSESSID=jl38klcl3elvbjts3shfc75ic4',
  'accept-language' => 'zh-CN,zh;q=0.8',
  'accept-encoding' => 'gzip, deflate, sdch',
  'referer' => 'http://localtp5.com/admin/Powermanage/rolelist',
  'accept' => 'text/html,application/xhtml+xml,application/xml;q=0.9,image/webp,*/*;q=0.8',
  'user-agent' => 'Mozilla/5.0 (Windows NT 10.0; WOW64) AppleWebKit/537.36 (KHTML, like Gecko) Chrome/57.0.2987.98 Safari/537.36',
  'upgrade-insecure-requests' => '1',
  'connection' => 'keep-alive',
  'host' => 'localtp5.com',
  'content-length' => '',
  'content-type' => '',
)
[ info ] [ PARAM ] array (
)
[ info ] [ DB ] INIT mysql
[ info ] [ RUN ] app\admin\controller\Powermanage->rolelist[ D:\phpStudy\WWW\tp5\application\admin\controller\Powermanage.php ]
[ info ] [ SESSION ] INIT array (
  'id' => '',
  'var_session_id' => '',
  'prefix' => 'think',
  'type' => '',
  'auto_start' => true,
)
[ info ] [ VIEW ] D:\phpStudy\WWW\tp5\public/../application/admin\view\powermanage\rolelist.html [ array (
  0 => 'headmenues',
  1 => 'submenues',
  2 => 'sysuser',
  3 => 'gradenum',
  4 => 'markid',
  5 => 'sysmsg',
  6 => 'syscode',
  7 => 'list',
) ]
[ info ] [ LOG ] INIT File

---------------------------------------------------------------
[ 2018-04-23T00:02:48+08:00 ] 127.0.0.1 127.0.0.1 GET /admin/Powermanage/rolelist
[ log ] localtp5.com/admin/Powermanage/rolelist [运行时间：0.083891s][吞吐率：11.92req/s] [内存消耗：2,265.70kb] [文件加载：60]
[ info ] [ LANG ] D:\phpStudy\WWW\tp5\thinkphp\lang\zh-cn.php
[ info ] [ ROUTE ] array (
  'type' => 'module',
  'module' => 
  array (
    0 => 'admin',
    1 => 'Powermanage',
    2 => 'rolelist',
  ),
)
[ info ] [ HEADER ] array (
  'cookie' => 'PHPSESSID=jl38klcl3elvbjts3shfc75ic4',
  'accept-language' => 'zh-CN,zh;q=0.8',
  'accept-encoding' => 'gzip, deflate, sdch',
  'referer' => 'http://localtp5.com/admin/Powermanage/rolelist',
  'accept' => 'text/html,application/xhtml+xml,application/xml;q=0.9,image/webp,*/*;q=0.8',
  'user-agent' => 'Mozilla/5.0 (Windows NT 10.0; WOW64) AppleWebKit/537.36 (KHTML, like Gecko) Chrome/57.0.2987.98 Safari/537.36',
  'upgrade-insecure-requests' => '1',
  'connection' => 'keep-alive',
  'host' => 'localtp5.com',
  'content-length' => '',
  'content-type' => '',
)
[ info ] [ PARAM ] array (
)
[ info ] [ DB ] INIT mysql
[ info ] [ RUN ] app\admin\controller\Powermanage->rolelist[ D:\phpStudy\WWW\tp5\application\admin\controller\Powermanage.php ]
[ info ] [ SESSION ] INIT array (
  'id' => '',
  'var_session_id' => '',
  'prefix' => 'think',
  'type' => '',
  'auto_start' => true,
)
[ info ] [ VIEW ] D:\phpStudy\WWW\tp5\public/../application/admin\view\powermanage\rolelist.html [ array (
  0 => 'headmenues',
  1 => 'submenues',
  2 => 'sysuser',
  3 => 'gradenum',
  4 => 'markid',
  5 => 'sysmsg',
  6 => 'syscode',
  7 => 'list',
) ]
[ info ] [ LOG ] INIT File

---------------------------------------------------------------
[ 2018-04-23T00:02:49+08:00 ] 127.0.0.1 127.0.0.1 GET /admin/Powermanage/rolelist
[ log ] localtp5.com/admin/Powermanage/rolelist [运行时间：0.084354s][吞吐率：11.85req/s] [内存消耗：2,265.70kb] [文件加载：60]
[ info ] [ LANG ] D:\phpStudy\WWW\tp5\thinkphp\lang\zh-cn.php
[ info ] [ ROUTE ] array (
  'type' => 'module',
  'module' => 
  array (
    0 => 'admin',
    1 => 'Powermanage',
    2 => 'rolelist',
  ),
)
[ info ] [ HEADER ] array (
  'cookie' => 'PHPSESSID=jl38klcl3elvbjts3shfc75ic4',
  'accept-language' => 'zh-CN,zh;q=0.8',
  'accept-encoding' => 'gzip, deflate, sdch',
  'referer' => 'http://localtp5.com/admin/Powermanage/rolelist',
  'accept' => 'text/html,application/xhtml+xml,application/xml;q=0.9,image/webp,*/*;q=0.8',
  'user-agent' => 'Mozilla/5.0 (Windows NT 10.0; WOW64) AppleWebKit/537.36 (KHTML, like Gecko) Chrome/57.0.2987.98 Safari/537.36',
  'upgrade-insecure-requests' => '1',
  'connection' => 'keep-alive',
  'host' => 'localtp5.com',
  'content-length' => '',
  'content-type' => '',
)
[ info ] [ PARAM ] array (
)
[ info ] [ DB ] INIT mysql
[ info ] [ RUN ] app\admin\controller\Powermanage->rolelist[ D:\phpStudy\WWW\tp5\application\admin\controller\Powermanage.php ]
[ info ] [ SESSION ] INIT array (
  'id' => '',
  'var_session_id' => '',
  'prefix' => 'think',
  'type' => '',
  'auto_start' => true,
)
[ info ] [ VIEW ] D:\phpStudy\WWW\tp5\public/../application/admin\view\powermanage\rolelist.html [ array (
  0 => 'headmenues',
  1 => 'submenues',
  2 => 'sysuser',
  3 => 'gradenum',
  4 => 'markid',
  5 => 'sysmsg',
  6 => 'syscode',
  7 => 'list',
) ]
[ info ] [ LOG ] INIT File

---------------------------------------------------------------
[ 2018-04-23T00:02:52+08:00 ] 127.0.0.1 127.0.0.1 GET /admin/Powermanage/rolenodes/rid/2
[ log ] localtp5.com/admin/Powermanage/rolenodes/rid/2 [运行时间：0.168074s][吞吐率：5.95req/s] [内存消耗：2,356.64kb] [文件加载：61]
[ info ] [ LANG ] D:\phpStudy\WWW\tp5\thinkphp\lang\zh-cn.php
[ info ] [ ROUTE ] array (
  'type' => 'module',
  'module' => 
  array (
    0 => 'admin',
    1 => 'Powermanage',
    2 => 'rolenodes',
  ),
)
[ info ] [ HEADER ] array (
  'cookie' => 'PHPSESSID=jl38klcl3elvbjts3shfc75ic4',
  'accept-language' => 'zh-CN,zh;q=0.8',
  'accept-encoding' => 'gzip, deflate, sdch',
  'referer' => 'http://localtp5.com/admin/Powermanage/rolelist',
  'accept' => 'text/html,application/xhtml+xml,application/xml;q=0.9,image/webp,*/*;q=0.8',
  'user-agent' => 'Mozilla/5.0 (Windows NT 10.0; WOW64) AppleWebKit/537.36 (KHTML, like Gecko) Chrome/57.0.2987.98 Safari/537.36',
  'upgrade-insecure-requests' => '1',
  'connection' => 'keep-alive',
  'host' => 'localtp5.com',
  'content-length' => '',
  'content-type' => '',
)
[ info ] [ PARAM ] array (
  'rid' => '2',
)
[ info ] [ DB ] INIT mysql
[ info ] [ RUN ] app\admin\controller\Powermanage->rolenodes[ D:\phpStudy\WWW\tp5\application\admin\controller\Powermanage.php ]
[ info ] [ VIEW ] D:\phpStudy\WWW\tp5\public/../application/admin\view\powermanage\rolenodes.html [ array (
  0 => 'list',
  1 => 'rid',
) ]
[ info ] [ LOG ] INIT File

---------------------------------------------------------------
[ 2018-04-23T00:02:55+08:00 ] 127.0.0.1 127.0.0.1 POST /admin/powermanage/rolenodes.html
[ log ] localtp5.com/admin/powermanage/rolenodes.html [运行时间：0.076649s][吞吐率：13.05req/s] [内存消耗：2,171.17kb] [文件加载：56]
[ info ] [ LANG ] D:\phpStudy\WWW\tp5\thinkphp\lang\zh-cn.php
[ info ] [ ROUTE ] array (
  'type' => 'module',
  'module' => 
  array (
    0 => 'admin',
    1 => 'powermanage',
    2 => 'rolenodes',
  ),
)
[ info ] [ HEADER ] array (
  'cookie' => 'PHPSESSID=jl38klcl3elvbjts3shfc75ic4',
  'accept-language' => 'zh-CN,zh;q=0.8',
  'accept-encoding' => 'gzip, deflate',
  'referer' => 'http://localtp5.com/admin/Powermanage/rolenodes/rid/2',
  'content-type' => 'application/x-www-form-urlencoded; charset=UTF-8',
  'user-agent' => 'Mozilla/5.0 (Windows NT 10.0; WOW64) AppleWebKit/537.36 (KHTML, like Gecko) Chrome/57.0.2987.98 Safari/537.36',
  'x-requested-with' => 'XMLHttpRequest',
  'origin' => 'http://localtp5.com',
  'accept' => '*/*',
  'content-length' => '45',
  'connection' => 'keep-alive',
  'host' => 'localtp5.com',
)
[ info ] [ PARAM ] array (
  'rid' => '2',
  'roleaccess' => 
  array (
    0 => '1',
    1 => '2',
  ),
)
[ info ] [ DB ] INIT mysql
[ info ] [ RUN ] app\admin\controller\Powermanage->rolenodes[ D:\phpStudy\WWW\tp5\application\admin\controller\Powermanage.php ]
[ info ] [ SESSION ] INIT array (
  'id' => '',
  'var_session_id' => '',
  'prefix' => 'think',
  'type' => '',
  'auto_start' => true,
)
[ info ] [ LOG ] INIT File

---------------------------------------------------------------
[ 2018-04-23T00:02:55+08:00 ] 127.0.0.1 127.0.0.1 GET /admin/Powermanage/rolelist
[ log ] localtp5.com/admin/Powermanage/rolelist [运行时间：0.072961s][吞吐率：13.71req/s] [内存消耗：2,265.91kb] [文件加载：60]
[ info ] [ LANG ] D:\phpStudy\WWW\tp5\thinkphp\lang\zh-cn.php
[ info ] [ ROUTE ] array (
  'type' => 'module',
  'module' => 
  array (
    0 => 'admin',
    1 => 'Powermanage',
    2 => 'rolelist',
  ),
)
[ info ] [ HEADER ] array (
  'cookie' => 'PHPSESSID=jl38klcl3elvbjts3shfc75ic4',
  'accept-language' => 'zh-CN,zh;q=0.8',
  'accept-encoding' => 'gzip, deflate, sdch',
  'referer' => 'http://localtp5.com/admin/Powermanage/rolelist',
  'accept' => 'text/html,application/xhtml+xml,application/xml;q=0.9,image/webp,*/*;q=0.8',
  'user-agent' => 'Mozilla/5.0 (Windows NT 10.0; WOW64) AppleWebKit/537.36 (KHTML, like Gecko) Chrome/57.0.2987.98 Safari/537.36',
  'upgrade-insecure-requests' => '1',
  'cache-control' => 'max-age=0',
  'connection' => 'keep-alive',
  'host' => 'localtp5.com',
  'content-length' => '',
  'content-type' => '',
)
[ info ] [ PARAM ] array (
)
[ info ] [ DB ] INIT mysql
[ info ] [ RUN ] app\admin\controller\Powermanage->rolelist[ D:\phpStudy\WWW\tp5\application\admin\controller\Powermanage.php ]
[ info ] [ SESSION ] INIT array (
  'id' => '',
  'var_session_id' => '',
  'prefix' => 'think',
  'type' => '',
  'auto_start' => true,
)
[ info ] [ VIEW ] D:\phpStudy\WWW\tp5\public/../application/admin\view\powermanage\rolelist.html [ array (
  0 => 'headmenues',
  1 => 'submenues',
  2 => 'sysuser',
  3 => 'gradenum',
  4 => 'markid',
  5 => 'sysmsg',
  6 => 'syscode',
  7 => 'list',
) ]
[ info ] [ LOG ] INIT File

---------------------------------------------------------------
[ 2018-04-23T00:03:20+08:00 ] 127.0.0.1 127.0.0.1 GET /admin/Powermanage/rolenodes/rid/2
[ log ] localtp5.com/admin/Powermanage/rolenodes/rid/2 [运行时间：0.090624s][吞吐率：11.03req/s] [内存消耗：2,228.96kb] [文件加载：59]
[ info ] [ LANG ] D:\phpStudy\WWW\tp5\thinkphp\lang\zh-cn.php
[ info ] [ ROUTE ] array (
  'type' => 'module',
  'module' => 
  array (
    0 => 'admin',
    1 => 'Powermanage',
    2 => 'rolenodes',
  ),
)
[ info ] [ HEADER ] array (
  'cookie' => 'PHPSESSID=jl38klcl3elvbjts3shfc75ic4',
  'accept-language' => 'zh-CN,zh;q=0.8',
  'accept-encoding' => 'gzip, deflate, sdch',
  'referer' => 'http://localtp5.com/admin/Powermanage/rolelist',
  'accept' => 'text/html,application/xhtml+xml,application/xml;q=0.9,image/webp,*/*;q=0.8',
  'user-agent' => 'Mozilla/5.0 (Windows NT 10.0; WOW64) AppleWebKit/537.36 (KHTML, like Gecko) Chrome/57.0.2987.98 Safari/537.36',
  'upgrade-insecure-requests' => '1',
  'connection' => 'keep-alive',
  'host' => 'localtp5.com',
  'content-length' => '',
  'content-type' => '',
)
[ info ] [ PARAM ] array (
  'rid' => '2',
)
[ info ] [ DB ] INIT mysql
[ info ] [ RUN ] app\admin\controller\Powermanage->rolenodes[ D:\phpStudy\WWW\tp5\application\admin\controller\Powermanage.php ]
[ info ] [ VIEW ] D:\phpStudy\WWW\tp5\public/../application/admin\view\powermanage\rolenodes.html [ array (
  0 => 'list',
  1 => 'rid',
) ]
[ info ] [ LOG ] INIT File

---------------------------------------------------------------
[ 2018-04-23T00:05:11+08:00 ] 127.0.0.1 127.0.0.1 GET /admin/Powermanage/rolelist
[ log ] localtp5.com/admin/Powermanage/rolelist [运行时间：0.082508s][吞吐率：12.12req/s] [内存消耗：2,265.70kb] [文件加载：60]
[ info ] [ LANG ] D:\phpStudy\WWW\tp5\thinkphp\lang\zh-cn.php
[ info ] [ ROUTE ] array (
  'type' => 'module',
  'module' => 
  array (
    0 => 'admin',
    1 => 'Powermanage',
    2 => 'rolelist',
  ),
)
[ info ] [ HEADER ] array (
  'cookie' => 'PHPSESSID=jl38klcl3elvbjts3shfc75ic4',
  'accept-language' => 'zh-CN,zh;q=0.8',
  'accept-encoding' => 'gzip, deflate, sdch',
  'referer' => 'http://localtp5.com/admin/Powermanage/rolelist',
  'accept' => 'text/html,application/xhtml+xml,application/xml;q=0.9,image/webp,*/*;q=0.8',
  'user-agent' => 'Mozilla/5.0 (Windows NT 10.0; WOW64) AppleWebKit/537.36 (KHTML, like Gecko) Chrome/57.0.2987.98 Safari/537.36',
  'upgrade-insecure-requests' => '1',
  'connection' => 'keep-alive',
  'host' => 'localtp5.com',
  'content-length' => '',
  'content-type' => '',
)
[ info ] [ PARAM ] array (
)
[ info ] [ DB ] INIT mysql
[ info ] [ RUN ] app\admin\controller\Powermanage->rolelist[ D:\phpStudy\WWW\tp5\application\admin\controller\Powermanage.php ]
[ info ] [ SESSION ] INIT array (
  'id' => '',
  'var_session_id' => '',
  'prefix' => 'think',
  'type' => '',
  'auto_start' => true,
)
[ info ] [ VIEW ] D:\phpStudy\WWW\tp5\public/../application/admin\view\powermanage\rolelist.html [ array (
  0 => 'headmenues',
  1 => 'submenues',
  2 => 'sysuser',
  3 => 'gradenum',
  4 => 'markid',
  5 => 'sysmsg',
  6 => 'syscode',
  7 => 'list',
) ]
[ info ] [ LOG ] INIT File

---------------------------------------------------------------
[ 2018-04-23T00:05:12+08:00 ] 127.0.0.1 127.0.0.1 GET /admin/Powermanage/rolenodes/rid/2
[ log ] localtp5.com/admin/Powermanage/rolenodes/rid/2 [运行时间：0.156104s][吞吐率：6.41req/s] [内存消耗：2,356.65kb] [文件加载：61]
[ info ] [ LANG ] D:\phpStudy\WWW\tp5\thinkphp\lang\zh-cn.php
[ info ] [ ROUTE ] array (
  'type' => 'module',
  'module' => 
  array (
    0 => 'admin',
    1 => 'Powermanage',
    2 => 'rolenodes',
  ),
)
[ info ] [ HEADER ] array (
  'cookie' => 'PHPSESSID=jl38klcl3elvbjts3shfc75ic4',
  'accept-language' => 'zh-CN,zh;q=0.8',
  'accept-encoding' => 'gzip, deflate, sdch',
  'referer' => 'http://localtp5.com/admin/Powermanage/rolelist',
  'accept' => 'text/html,application/xhtml+xml,application/xml;q=0.9,image/webp,*/*;q=0.8',
  'user-agent' => 'Mozilla/5.0 (Windows NT 10.0; WOW64) AppleWebKit/537.36 (KHTML, like Gecko) Chrome/57.0.2987.98 Safari/537.36',
  'upgrade-insecure-requests' => '1',
  'connection' => 'keep-alive',
  'host' => 'localtp5.com',
  'content-length' => '',
  'content-type' => '',
)
[ info ] [ PARAM ] array (
  'rid' => '2',
)
[ info ] [ DB ] INIT mysql
[ info ] [ RUN ] app\admin\controller\Powermanage->rolenodes[ D:\phpStudy\WWW\tp5\application\admin\controller\Powermanage.php ]
[ info ] [ VIEW ] D:\phpStudy\WWW\tp5\public/../application/admin\view\powermanage\rolenodes.html [ array (
  0 => 'list',
  1 => 'rid',
) ]
[ info ] [ LOG ] INIT File

---------------------------------------------------------------
[ 2018-04-23T00:06:04+08:00 ] 127.0.0.1 127.0.0.1 GET /admin/Powermanage/rolelist
[ log ] localtp5.com/admin/Powermanage/rolelist [运行时间：0.088216s][吞吐率：11.34req/s] [内存消耗：2,265.70kb] [文件加载：60]
[ info ] [ LANG ] D:\phpStudy\WWW\tp5\thinkphp\lang\zh-cn.php
[ info ] [ ROUTE ] array (
  'type' => 'module',
  'module' => 
  array (
    0 => 'admin',
    1 => 'Powermanage',
    2 => 'rolelist',
  ),
)
[ info ] [ HEADER ] array (
  'cookie' => 'PHPSESSID=jl38klcl3elvbjts3shfc75ic4',
  'accept-language' => 'zh-CN,zh;q=0.8',
  'accept-encoding' => 'gzip, deflate, sdch',
  'referer' => 'http://localtp5.com/admin/Powermanage/rolelist',
  'accept' => 'text/html,application/xhtml+xml,application/xml;q=0.9,image/webp,*/*;q=0.8',
  'user-agent' => 'Mozilla/5.0 (Windows NT 10.0; WOW64) AppleWebKit/537.36 (KHTML, like Gecko) Chrome/57.0.2987.98 Safari/537.36',
  'upgrade-insecure-requests' => '1',
  'connection' => 'keep-alive',
  'host' => 'localtp5.com',
  'content-length' => '',
  'content-type' => '',
)
[ info ] [ PARAM ] array (
)
[ info ] [ DB ] INIT mysql
[ info ] [ RUN ] app\admin\controller\Powermanage->rolelist[ D:\phpStudy\WWW\tp5\application\admin\controller\Powermanage.php ]
[ info ] [ SESSION ] INIT array (
  'id' => '',
  'var_session_id' => '',
  'prefix' => 'think',
  'type' => '',
  'auto_start' => true,
)
[ info ] [ VIEW ] D:\phpStudy\WWW\tp5\public/../application/admin\view\powermanage\rolelist.html [ array (
  0 => 'headmenues',
  1 => 'submenues',
  2 => 'sysuser',
  3 => 'gradenum',
  4 => 'markid',
  5 => 'sysmsg',
  6 => 'syscode',
  7 => 'list',
) ]
[ info ] [ LOG ] INIT File

---------------------------------------------------------------
[ 2018-04-23T00:06:05+08:00 ] 127.0.0.1 127.0.0.1 GET /admin/Powermanage/rolenodes/rid/2
[ log ] localtp5.com/admin/Powermanage/rolenodes/rid/2 [运行时间：0.168101s][吞吐率：5.95req/s] [内存消耗：2,356.66kb] [文件加载：61]
[ info ] [ LANG ] D:\phpStudy\WWW\tp5\thinkphp\lang\zh-cn.php
[ info ] [ ROUTE ] array (
  'type' => 'module',
  'module' => 
  array (
    0 => 'admin',
    1 => 'Powermanage',
    2 => 'rolenodes',
  ),
)
[ info ] [ HEADER ] array (
  'cookie' => 'PHPSESSID=jl38klcl3elvbjts3shfc75ic4',
  'accept-language' => 'zh-CN,zh;q=0.8',
  'accept-encoding' => 'gzip, deflate, sdch',
  'referer' => 'http://localtp5.com/admin/Powermanage/rolelist',
  'accept' => 'text/html,application/xhtml+xml,application/xml;q=0.9,image/webp,*/*;q=0.8',
  'user-agent' => 'Mozilla/5.0 (Windows NT 10.0; WOW64) AppleWebKit/537.36 (KHTML, like Gecko) Chrome/57.0.2987.98 Safari/537.36',
  'upgrade-insecure-requests' => '1',
  'connection' => 'keep-alive',
  'host' => 'localtp5.com',
  'content-length' => '',
  'content-type' => '',
)
[ info ] [ PARAM ] array (
  'rid' => '2',
)
[ info ] [ DB ] INIT mysql
[ info ] [ RUN ] app\admin\controller\Powermanage->rolenodes[ D:\phpStudy\WWW\tp5\application\admin\controller\Powermanage.php ]
[ info ] [ VIEW ] D:\phpStudy\WWW\tp5\public/../application/admin\view\powermanage\rolenodes.html [ array (
  0 => 'list',
  1 => 'rid',
) ]
[ info ] [ LOG ] INIT File

---------------------------------------------------------------
[ 2018-04-23T00:06:34+08:00 ] 127.0.0.1 127.0.0.1 GET /admin/Powermanage/rolenodes/rid/2
[ log ] localtp5.com/admin/Powermanage/rolenodes/rid/2 [运行时间：0.103472s][吞吐率：9.66req/s] [内存消耗：2,228.96kb] [文件加载：59]
[ info ] [ LANG ] D:\phpStudy\WWW\tp5\thinkphp\lang\zh-cn.php
[ info ] [ ROUTE ] array (
  'type' => 'module',
  'module' => 
  array (
    0 => 'admin',
    1 => 'Powermanage',
    2 => 'rolenodes',
  ),
)
[ info ] [ HEADER ] array (
  'cookie' => 'PHPSESSID=jl38klcl3elvbjts3shfc75ic4',
  'accept-language' => 'zh-CN,zh;q=0.8',
  'accept-encoding' => 'gzip, deflate, sdch',
  'referer' => 'http://localtp5.com/admin/Powermanage/rolelist',
  'accept' => 'text/html,application/xhtml+xml,application/xml;q=0.9,image/webp,*/*;q=0.8',
  'user-agent' => 'Mozilla/5.0 (Windows NT 10.0; WOW64) AppleWebKit/537.36 (KHTML, like Gecko) Chrome/57.0.2987.98 Safari/537.36',
  'upgrade-insecure-requests' => '1',
  'connection' => 'keep-alive',
  'host' => 'localtp5.com',
  'content-length' => '',
  'content-type' => '',
)
[ info ] [ PARAM ] array (
  'rid' => '2',
)
[ info ] [ DB ] INIT mysql
[ info ] [ RUN ] app\admin\controller\Powermanage->rolenodes[ D:\phpStudy\WWW\tp5\application\admin\controller\Powermanage.php ]
[ info ] [ VIEW ] D:\phpStudy\WWW\tp5\public/../application/admin\view\powermanage\rolenodes.html [ array (
  0 => 'list',
  1 => 'rid',
) ]
[ info ] [ LOG ] INIT File

---------------------------------------------------------------
[ 2018-04-23T00:07:03+08:00 ] 127.0.0.1 127.0.0.1 GET /admin/Powermanage/rolelist
[ log ] localtp5.com/admin/Powermanage/rolelist [运行时间：0.089882s][吞吐率：11.13req/s] [内存消耗：2,265.70kb] [文件加载：60]
[ info ] [ LANG ] D:\phpStudy\WWW\tp5\thinkphp\lang\zh-cn.php
[ info ] [ ROUTE ] array (
  'type' => 'module',
  'module' => 
  array (
    0 => 'admin',
    1 => 'Powermanage',
    2 => 'rolelist',
  ),
)
[ info ] [ HEADER ] array (
  'cookie' => 'PHPSESSID=jl38klcl3elvbjts3shfc75ic4',
  'accept-language' => 'zh-CN,zh;q=0.8',
  'accept-encoding' => 'gzip, deflate, sdch',
  'referer' => 'http://localtp5.com/admin/Powermanage/rolelist',
  'accept' => 'text/html,application/xhtml+xml,application/xml;q=0.9,image/webp,*/*;q=0.8',
  'user-agent' => 'Mozilla/5.0 (Windows NT 10.0; WOW64) AppleWebKit/537.36 (KHTML, like Gecko) Chrome/57.0.2987.98 Safari/537.36',
  'upgrade-insecure-requests' => '1',
  'connection' => 'keep-alive',
  'host' => 'localtp5.com',
  'content-length' => '',
  'content-type' => '',
)
[ info ] [ PARAM ] array (
)
[ info ] [ DB ] INIT mysql
[ info ] [ RUN ] app\admin\controller\Powermanage->rolelist[ D:\phpStudy\WWW\tp5\application\admin\controller\Powermanage.php ]
[ info ] [ SESSION ] INIT array (
  'id' => '',
  'var_session_id' => '',
  'prefix' => 'think',
  'type' => '',
  'auto_start' => true,
)
[ info ] [ VIEW ] D:\phpStudy\WWW\tp5\public/../application/admin\view\powermanage\rolelist.html [ array (
  0 => 'headmenues',
  1 => 'submenues',
  2 => 'sysuser',
  3 => 'gradenum',
  4 => 'markid',
  5 => 'sysmsg',
  6 => 'syscode',
  7 => 'list',
) ]
[ info ] [ LOG ] INIT File

---------------------------------------------------------------
[ 2018-04-23T00:07:04+08:00 ] 127.0.0.1 127.0.0.1 GET /admin/Powermanage/rolenodes/rid/2
[ log ] localtp5.com/admin/Powermanage/rolenodes/rid/2 [运行时间：0.104707s][吞吐率：9.55req/s] [内存消耗：2,228.96kb] [文件加载：59]
[ info ] [ LANG ] D:\phpStudy\WWW\tp5\thinkphp\lang\zh-cn.php
[ info ] [ ROUTE ] array (
  'type' => 'module',
  'module' => 
  array (
    0 => 'admin',
    1 => 'Powermanage',
    2 => 'rolenodes',
  ),
)
[ info ] [ HEADER ] array (
  'cookie' => 'PHPSESSID=jl38klcl3elvbjts3shfc75ic4',
  'accept-language' => 'zh-CN,zh;q=0.8',
  'accept-encoding' => 'gzip, deflate, sdch',
  'referer' => 'http://localtp5.com/admin/Powermanage/rolelist',
  'accept' => 'text/html,application/xhtml+xml,application/xml;q=0.9,image/webp,*/*;q=0.8',
  'user-agent' => 'Mozilla/5.0 (Windows NT 10.0; WOW64) AppleWebKit/537.36 (KHTML, like Gecko) Chrome/57.0.2987.98 Safari/537.36',
  'upgrade-insecure-requests' => '1',
  'connection' => 'keep-alive',
  'host' => 'localtp5.com',
  'content-length' => '',
  'content-type' => '',
)
[ info ] [ PARAM ] array (
  'rid' => '2',
)
[ info ] [ DB ] INIT mysql
[ info ] [ RUN ] app\admin\controller\Powermanage->rolenodes[ D:\phpStudy\WWW\tp5\application\admin\controller\Powermanage.php ]
[ info ] [ VIEW ] D:\phpStudy\WWW\tp5\public/../application/admin\view\powermanage\rolenodes.html [ array (
  0 => 'list',
  1 => 'rid',
) ]
[ info ] [ LOG ] INIT File

---------------------------------------------------------------
[ 2018-04-23T00:07:06+08:00 ] 127.0.0.1 127.0.0.1 POST /admin/powermanage/rolenodes.html
[ log ] localtp5.com/admin/powermanage/rolenodes.html [运行时间：0.087005s][吞吐率：11.49req/s] [内存消耗：2,171.17kb] [文件加载：56]
[ info ] [ LANG ] D:\phpStudy\WWW\tp5\thinkphp\lang\zh-cn.php
[ info ] [ ROUTE ] array (
  'type' => 'module',
  'module' => 
  array (
    0 => 'admin',
    1 => 'powermanage',
    2 => 'rolenodes',
  ),
)
[ info ] [ HEADER ] array (
  'cookie' => 'PHPSESSID=jl38klcl3elvbjts3shfc75ic4',
  'accept-language' => 'zh-CN,zh;q=0.8',
  'accept-encoding' => 'gzip, deflate',
  'referer' => 'http://localtp5.com/admin/Powermanage/rolenodes/rid/2',
  'content-type' => 'application/x-www-form-urlencoded; charset=UTF-8',
  'user-agent' => 'Mozilla/5.0 (Windows NT 10.0; WOW64) AppleWebKit/537.36 (KHTML, like Gecko) Chrome/57.0.2987.98 Safari/537.36',
  'x-requested-with' => 'XMLHttpRequest',
  'origin' => 'http://localtp5.com',
  'accept' => '*/*',
  'content-length' => '45',
  'connection' => 'keep-alive',
  'host' => 'localtp5.com',
)
[ info ] [ PARAM ] array (
  'rid' => '2',
  'roleaccess' => 
  array (
    0 => '1',
    1 => '2',
  ),
)
[ info ] [ DB ] INIT mysql
[ info ] [ RUN ] app\admin\controller\Powermanage->rolenodes[ D:\phpStudy\WWW\tp5\application\admin\controller\Powermanage.php ]
[ info ] [ SESSION ] INIT array (
  'id' => '',
  'var_session_id' => '',
  'prefix' => 'think',
  'type' => '',
  'auto_start' => true,
)
[ info ] [ LOG ] INIT File

---------------------------------------------------------------
[ 2018-04-23T00:07:07+08:00 ] 127.0.0.1 127.0.0.1 GET /admin/Powermanage/rolelist
[ log ] localtp5.com/admin/Powermanage/rolelist [运行时间：0.088201s][吞吐率：11.34req/s] [内存消耗：2,265.91kb] [文件加载：60]
[ info ] [ LANG ] D:\phpStudy\WWW\tp5\thinkphp\lang\zh-cn.php
[ info ] [ ROUTE ] array (
  'type' => 'module',
  'module' => 
  array (
    0 => 'admin',
    1 => 'Powermanage',
    2 => 'rolelist',
  ),
)
[ info ] [ HEADER ] array (
  'cookie' => 'PHPSESSID=jl38klcl3elvbjts3shfc75ic4',
  'accept-language' => 'zh-CN,zh;q=0.8',
  'accept-encoding' => 'gzip, deflate, sdch',
  'referer' => 'http://localtp5.com/admin/Powermanage/rolelist',
  'accept' => 'text/html,application/xhtml+xml,application/xml;q=0.9,image/webp,*/*;q=0.8',
  'user-agent' => 'Mozilla/5.0 (Windows NT 10.0; WOW64) AppleWebKit/537.36 (KHTML, like Gecko) Chrome/57.0.2987.98 Safari/537.36',
  'upgrade-insecure-requests' => '1',
  'cache-control' => 'max-age=0',
  'connection' => 'keep-alive',
  'host' => 'localtp5.com',
  'content-length' => '',
  'content-type' => '',
)
[ info ] [ PARAM ] array (
)
[ info ] [ DB ] INIT mysql
[ info ] [ RUN ] app\admin\controller\Powermanage->rolelist[ D:\phpStudy\WWW\tp5\application\admin\controller\Powermanage.php ]
[ info ] [ SESSION ] INIT array (
  'id' => '',
  'var_session_id' => '',
  'prefix' => 'think',
  'type' => '',
  'auto_start' => true,
)
[ info ] [ VIEW ] D:\phpStudy\WWW\tp5\public/../application/admin\view\powermanage\rolelist.html [ array (
  0 => 'headmenues',
  1 => 'submenues',
  2 => 'sysuser',
  3 => 'gradenum',
  4 => 'markid',
  5 => 'sysmsg',
  6 => 'syscode',
  7 => 'list',
) ]
[ info ] [ LOG ] INIT File

---------------------------------------------------------------
[ 2018-04-23T00:07:12+08:00 ] 127.0.0.1 127.0.0.1 GET /admin/Powermanage/rolelist
[ log ] localtp5.com/admin/Powermanage/rolelist [运行时间：0.083436s][吞吐率：11.99req/s] [内存消耗：2,265.70kb] [文件加载：60]
[ info ] [ LANG ] D:\phpStudy\WWW\tp5\thinkphp\lang\zh-cn.php
[ info ] [ ROUTE ] array (
  'type' => 'module',
  'module' => 
  array (
    0 => 'admin',
    1 => 'Powermanage',
    2 => 'rolelist',
  ),
)
[ info ] [ HEADER ] array (
  'cookie' => 'PHPSESSID=jl38klcl3elvbjts3shfc75ic4',
  'accept-language' => 'zh-CN,zh;q=0.8',
  'accept-encoding' => 'gzip, deflate, sdch',
  'referer' => 'http://localtp5.com/admin/Powermanage/rolelist',
  'accept' => 'text/html,application/xhtml+xml,application/xml;q=0.9,image/webp,*/*;q=0.8',
  'user-agent' => 'Mozilla/5.0 (Windows NT 10.0; WOW64) AppleWebKit/537.36 (KHTML, like Gecko) Chrome/57.0.2987.98 Safari/537.36',
  'upgrade-insecure-requests' => '1',
  'connection' => 'keep-alive',
  'host' => 'localtp5.com',
  'content-length' => '',
  'content-type' => '',
)
[ info ] [ PARAM ] array (
)
[ info ] [ DB ] INIT mysql
[ info ] [ RUN ] app\admin\controller\Powermanage->rolelist[ D:\phpStudy\WWW\tp5\application\admin\controller\Powermanage.php ]
[ info ] [ SESSION ] INIT array (
  'id' => '',
  'var_session_id' => '',
  'prefix' => 'think',
  'type' => '',
  'auto_start' => true,
)
[ info ] [ VIEW ] D:\phpStudy\WWW\tp5\public/../application/admin\view\powermanage\rolelist.html [ array (
  0 => 'headmenues',
  1 => 'submenues',
  2 => 'sysuser',
  3 => 'gradenum',
  4 => 'markid',
  5 => 'sysmsg',
  6 => 'syscode',
  7 => 'list',
) ]
[ info ] [ LOG ] INIT File

---------------------------------------------------------------
[ 2018-04-23T00:14:23+08:00 ] 127.0.0.1 127.0.0.1 GET /admin/Powermanage/rolelist
[ log ] localtp5.com/admin/Powermanage/rolelist [运行时间：0.080125s][吞吐率：12.48req/s] [内存消耗：2,266.91kb] [文件加载：60]
[ info ] [ LANG ] D:\phpStudy\WWW\tp5\thinkphp\lang\zh-cn.php
[ info ] [ ROUTE ] array (
  'type' => 'module',
  'module' => 
  array (
    0 => 'admin',
    1 => 'Powermanage',
    2 => 'rolelist',
  ),
)
[ info ] [ HEADER ] array (
  'cookie' => 'PHPSESSID=jl38klcl3elvbjts3shfc75ic4',
  'accept-language' => 'zh-CN,zh;q=0.8',
  'accept-encoding' => 'gzip, deflate, sdch',
  'referer' => 'http://localtp5.com/admin/Powermanage/rolelist',
  'accept' => 'text/html,application/xhtml+xml,application/xml;q=0.9,image/webp,*/*;q=0.8',
  'user-agent' => 'Mozilla/5.0 (Windows NT 10.0; WOW64) AppleWebKit/537.36 (KHTML, like Gecko) Chrome/57.0.2987.98 Safari/537.36',
  'upgrade-insecure-requests' => '1',
  'connection' => 'keep-alive',
  'host' => 'localtp5.com',
  'content-length' => '',
  'content-type' => '',
)
[ info ] [ PARAM ] array (
)
[ info ] [ DB ] INIT mysql
[ info ] [ RUN ] app\admin\controller\Powermanage->rolelist[ D:\phpStudy\WWW\tp5\application\admin\controller\Powermanage.php ]
[ info ] [ SESSION ] INIT array (
  'id' => '',
  'var_session_id' => '',
  'prefix' => 'think',
  'type' => '',
  'auto_start' => true,
)
[ info ] [ VIEW ] D:\phpStudy\WWW\tp5\public/../application/admin\view\powermanage\rolelist.html [ array (
  0 => 'headmenues',
  1 => 'submenues',
  2 => 'sysuser',
  3 => 'gradenum',
  4 => 'markid',
  5 => 'sysmsg',
  6 => 'syscode',
  7 => 'list',
) ]
[ info ] [ LOG ] INIT File

---------------------------------------------------------------
[ 2018-04-23T00:14:24+08:00 ] 127.0.0.1 127.0.0.1 GET /admin/Powermanage/rolenodes/rid/2
[ log ] localtp5.com/admin/Powermanage/rolenodes/rid/2 [运行时间：0.184974s][吞吐率：5.41req/s] [内存消耗：2,387.65kb] [文件加载：62]
[ info ] [ LANG ] D:\phpStudy\WWW\tp5\thinkphp\lang\zh-cn.php
[ info ] [ ROUTE ] array (
  'type' => 'module',
  'module' => 
  array (
    0 => 'admin',
    1 => 'Powermanage',
    2 => 'rolenodes',
  ),
)
[ info ] [ HEADER ] array (
  'cookie' => 'PHPSESSID=jl38klcl3elvbjts3shfc75ic4',
  'accept-language' => 'zh-CN,zh;q=0.8',
  'accept-encoding' => 'gzip, deflate, sdch',
  'referer' => 'http://localtp5.com/admin/Powermanage/rolelist',
  'accept' => 'text/html,application/xhtml+xml,application/xml;q=0.9,image/webp,*/*;q=0.8',
  'user-agent' => 'Mozilla/5.0 (Windows NT 10.0; WOW64) AppleWebKit/537.36 (KHTML, like Gecko) Chrome/57.0.2987.98 Safari/537.36',
  'upgrade-insecure-requests' => '1',
  'connection' => 'keep-alive',
  'host' => 'localtp5.com',
  'content-length' => '',
  'content-type' => '',
)
[ info ] [ PARAM ] array (
  'rid' => '2',
)
[ info ] [ DB ] INIT mysql
[ info ] [ RUN ] app\admin\controller\Powermanage->rolenodes[ D:\phpStudy\WWW\tp5\application\admin\controller\Powermanage.php ]
[ info ] [ VIEW ] D:\phpStudy\WWW\tp5\public/../application/admin\view\powermanage\rolenodes.html [ array (
  0 => 'list',
  1 => 'rid',
) ]
[ info ] [ LOG ] INIT File

---------------------------------------------------------------
[ 2018-04-23T00:14:51+08:00 ] 127.0.0.1 127.0.0.1 GET /admin/Powermanage/rolelist
[ log ] localtp5.com/admin/Powermanage/rolelist [运行时间：0.090080s][吞吐率：11.10req/s] [内存消耗：2,266.91kb] [文件加载：60]
[ info ] [ LANG ] D:\phpStudy\WWW\tp5\thinkphp\lang\zh-cn.php
[ info ] [ ROUTE ] array (
  'type' => 'module',
  'module' => 
  array (
    0 => 'admin',
    1 => 'Powermanage',
    2 => 'rolelist',
  ),
)
[ info ] [ HEADER ] array (
  'cookie' => 'PHPSESSID=jl38klcl3elvbjts3shfc75ic4',
  'accept-language' => 'zh-CN,zh;q=0.8',
  'accept-encoding' => 'gzip, deflate, sdch',
  'referer' => 'http://localtp5.com/admin/Powermanage/rolelist',
  'accept' => 'text/html,application/xhtml+xml,application/xml;q=0.9,image/webp,*/*;q=0.8',
  'user-agent' => 'Mozilla/5.0 (Windows NT 10.0; WOW64) AppleWebKit/537.36 (KHTML, like Gecko) Chrome/57.0.2987.98 Safari/537.36',
  'upgrade-insecure-requests' => '1',
  'connection' => 'keep-alive',
  'host' => 'localtp5.com',
  'content-length' => '',
  'content-type' => '',
)
[ info ] [ PARAM ] array (
)
[ info ] [ DB ] INIT mysql
[ info ] [ RUN ] app\admin\controller\Powermanage->rolelist[ D:\phpStudy\WWW\tp5\application\admin\controller\Powermanage.php ]
[ info ] [ SESSION ] INIT array (
  'id' => '',
  'var_session_id' => '',
  'prefix' => 'think',
  'type' => '',
  'auto_start' => true,
)
[ info ] [ VIEW ] D:\phpStudy\WWW\tp5\public/../application/admin\view\powermanage\rolelist.html [ array (
  0 => 'headmenues',
  1 => 'submenues',
  2 => 'sysuser',
  3 => 'gradenum',
  4 => 'markid',
  5 => 'sysmsg',
  6 => 'syscode',
  7 => 'list',
) ]
[ info ] [ LOG ] INIT File

---------------------------------------------------------------
[ 2018-04-23T00:14:52+08:00 ] 127.0.0.1 127.0.0.1 GET /admin/Powermanage/rolenodes/rid/2
[ log ] localtp5.com/admin/Powermanage/rolenodes/rid/2 [运行时间：0.197842s][吞吐率：5.05req/s] [内存消耗：2,387.73kb] [文件加载：62]
[ info ] [ LANG ] D:\phpStudy\WWW\tp5\thinkphp\lang\zh-cn.php
[ info ] [ ROUTE ] array (
  'type' => 'module',
  'module' => 
  array (
    0 => 'admin',
    1 => 'Powermanage',
    2 => 'rolenodes',
  ),
)
[ info ] [ HEADER ] array (
  'cookie' => 'PHPSESSID=jl38klcl3elvbjts3shfc75ic4',
  'accept-language' => 'zh-CN,zh;q=0.8',
  'accept-encoding' => 'gzip, deflate, sdch',
  'referer' => 'http://localtp5.com/admin/Powermanage/rolelist',
  'accept' => 'text/html,application/xhtml+xml,application/xml;q=0.9,image/webp,*/*;q=0.8',
  'user-agent' => 'Mozilla/5.0 (Windows NT 10.0; WOW64) AppleWebKit/537.36 (KHTML, like Gecko) Chrome/57.0.2987.98 Safari/537.36',
  'upgrade-insecure-requests' => '1',
  'connection' => 'keep-alive',
  'host' => 'localtp5.com',
  'content-length' => '',
  'content-type' => '',
)
[ info ] [ PARAM ] array (
  'rid' => '2',
)
[ info ] [ DB ] INIT mysql
[ info ] [ RUN ] app\admin\controller\Powermanage->rolenodes[ D:\phpStudy\WWW\tp5\application\admin\controller\Powermanage.php ]
[ info ] [ VIEW ] D:\phpStudy\WWW\tp5\public/../application/admin\view\powermanage\rolenodes.html [ array (
  0 => 'list',
  1 => 'rid',
) ]
[ info ] [ LOG ] INIT File

---------------------------------------------------------------
[ 2018-04-23T00:14:57+08:00 ] 127.0.0.1 127.0.0.1 POST /admin/powermanage/rolenodes.html
[ log ] localtp5.com/admin/powermanage/rolenodes.html [运行时间：0.073382s][吞吐率：13.63req/s] [内存消耗：2,178.73kb] [文件加载：56]
[ info ] [ LANG ] D:\phpStudy\WWW\tp5\thinkphp\lang\zh-cn.php
[ info ] [ ROUTE ] array (
  'type' => 'module',
  'module' => 
  array (
    0 => 'admin',
    1 => 'powermanage',
    2 => 'rolenodes',
  ),
)
[ info ] [ HEADER ] array (
  'cookie' => 'PHPSESSID=jl38klcl3elvbjts3shfc75ic4',
  'accept-language' => 'zh-CN,zh;q=0.8',
  'accept-encoding' => 'gzip, deflate',
  'referer' => 'http://localtp5.com/admin/Powermanage/rolenodes/rid/2',
  'content-type' => 'application/x-www-form-urlencoded; charset=UTF-8',
  'user-agent' => 'Mozilla/5.0 (Windows NT 10.0; WOW64) AppleWebKit/537.36 (KHTML, like Gecko) Chrome/57.0.2987.98 Safari/537.36',
  'x-requested-with' => 'XMLHttpRequest',
  'origin' => 'http://localtp5.com',
  'accept' => '*/*',
  'content-length' => '173',
  'connection' => 'keep-alive',
  'host' => 'localtp5.com',
)
[ info ] [ PARAM ] array (
  'rid' => '2',
  'roleaccess' => 
  array (
    0 => '1',
    1 => '2',
    2 => '3',
    14 => '4',
    15 => '5',
    16 => '10',
    17 => '11',
    18 => '12',
  ),
)
[ info ] [ DB ] INIT mysql
[ info ] [ RUN ] app\admin\controller\Powermanage->rolenodes[ D:\phpStudy\WWW\tp5\application\admin\controller\Powermanage.php ]
[ info ] [ SESSION ] INIT array (
  'id' => '',
  'var_session_id' => '',
  'prefix' => 'think',
  'type' => '',
  'auto_start' => true,
)
[ info ] [ LOG ] INIT File

---------------------------------------------------------------
[ 2018-04-23T00:14:57+08:00 ] 127.0.0.1 127.0.0.1 GET /admin/Powermanage/rolelist
[ log ] localtp5.com/admin/Powermanage/rolelist [运行时间：0.083055s][吞吐率：12.04req/s] [内存消耗：2,267.07kb] [文件加载：60]
[ info ] [ LANG ] D:\phpStudy\WWW\tp5\thinkphp\lang\zh-cn.php
[ info ] [ ROUTE ] array (
  'type' => 'module',
  'module' => 
  array (
    0 => 'admin',
    1 => 'Powermanage',
    2 => 'rolelist',
  ),
)
[ info ] [ HEADER ] array (
  'cookie' => 'PHPSESSID=jl38klcl3elvbjts3shfc75ic4',
  'accept-language' => 'zh-CN,zh;q=0.8',
  'accept-encoding' => 'gzip, deflate, sdch',
  'referer' => 'http://localtp5.com/admin/Powermanage/rolelist',
  'accept' => 'text/html,application/xhtml+xml,application/xml;q=0.9,image/webp,*/*;q=0.8',
  'user-agent' => 'Mozilla/5.0 (Windows NT 10.0; WOW64) AppleWebKit/537.36 (KHTML, like Gecko) Chrome/57.0.2987.98 Safari/537.36',
  'upgrade-insecure-requests' => '1',
  'cache-control' => 'max-age=0',
  'connection' => 'keep-alive',
  'host' => 'localtp5.com',
  'content-length' => '',
  'content-type' => '',
)
[ info ] [ PARAM ] array (
)
[ info ] [ DB ] INIT mysql
[ info ] [ RUN ] app\admin\controller\Powermanage->rolelist[ D:\phpStudy\WWW\tp5\application\admin\controller\Powermanage.php ]
[ info ] [ SESSION ] INIT array (
  'id' => '',
  'var_session_id' => '',
  'prefix' => 'think',
  'type' => '',
  'auto_start' => true,
)
[ info ] [ VIEW ] D:\phpStudy\WWW\tp5\public/../application/admin\view\powermanage\rolelist.html [ array (
  0 => 'headmenues',
  1 => 'submenues',
  2 => 'sysuser',
  3 => 'gradenum',
  4 => 'markid',
  5 => 'sysmsg',
  6 => 'syscode',
  7 => 'list',
) ]
[ info ] [ LOG ] INIT File

---------------------------------------------------------------
[ 2018-04-23T00:14:59+08:00 ] 127.0.0.1 127.0.0.1 GET /admin/Powermanage/rolenodes/rid/2
[ log ] localtp5.com/admin/Powermanage/rolenodes/rid/2 [运行时间：0.143301s][吞吐率：6.98req/s] [内存消耗：2,259.89kb] [文件加载：60]
[ info ] [ LANG ] D:\phpStudy\WWW\tp5\thinkphp\lang\zh-cn.php
[ info ] [ ROUTE ] array (
  'type' => 'module',
  'module' => 
  array (
    0 => 'admin',
    1 => 'Powermanage',
    2 => 'rolenodes',
  ),
)
[ info ] [ HEADER ] array (
  'cookie' => 'PHPSESSID=jl38klcl3elvbjts3shfc75ic4',
  'accept-language' => 'zh-CN,zh;q=0.8',
  'accept-encoding' => 'gzip, deflate, sdch',
  'referer' => 'http://localtp5.com/admin/Powermanage/rolelist',
  'accept' => 'text/html,application/xhtml+xml,application/xml;q=0.9,image/webp,*/*;q=0.8',
  'user-agent' => 'Mozilla/5.0 (Windows NT 10.0; WOW64) AppleWebKit/537.36 (KHTML, like Gecko) Chrome/57.0.2987.98 Safari/537.36',
  'upgrade-insecure-requests' => '1',
  'connection' => 'keep-alive',
  'host' => 'localtp5.com',
  'content-length' => '',
  'content-type' => '',
)
[ info ] [ PARAM ] array (
  'rid' => '2',
)
[ info ] [ DB ] INIT mysql
[ info ] [ RUN ] app\admin\controller\Powermanage->rolenodes[ D:\phpStudy\WWW\tp5\application\admin\controller\Powermanage.php ]
[ info ] [ VIEW ] D:\phpStudy\WWW\tp5\public/../application/admin\view\powermanage\rolenodes.html [ array (
  0 => 'list',
  1 => 'rid',
) ]
[ info ] [ LOG ] INIT File

---------------------------------------------------------------
[ 2018-04-23T00:15:16+08:00 ] 127.0.0.1 127.0.0.1 POST /admin/powermanage/rolenodes.html
[ log ] localtp5.com/admin/powermanage/rolenodes.html [运行时间：0.073535s][吞吐率：13.60req/s] [内存消耗：2,176.65kb] [文件加载：56]
[ info ] [ LANG ] D:\phpStudy\WWW\tp5\thinkphp\lang\zh-cn.php
[ info ] [ ROUTE ] array (
  'type' => 'module',
  'module' => 
  array (
    0 => 'admin',
    1 => 'powermanage',
    2 => 'rolenodes',
  ),
)
[ info ] [ HEADER ] array (
  'cookie' => 'PHPSESSID=jl38klcl3elvbjts3shfc75ic4',
  'accept-language' => 'zh-CN,zh;q=0.8',
  'accept-encoding' => 'gzip, deflate',
  'referer' => 'http://localtp5.com/admin/Powermanage/rolenodes/rid/2',
  'content-type' => 'application/x-www-form-urlencoded; charset=UTF-8',
  'user-agent' => 'Mozilla/5.0 (Windows NT 10.0; WOW64) AppleWebKit/537.36 (KHTML, like Gecko) Chrome/57.0.2987.98 Safari/537.36',
  'x-requested-with' => 'XMLHttpRequest',
  'origin' => 'http://localtp5.com',
  'accept' => '*/*',
  'content-length' => '128',
  'connection' => 'keep-alive',
  'host' => 'localtp5.com',
)
[ info ] [ PARAM ] array (
  'rid' => '2',
  'roleaccess' => 
  array (
    0 => '1',
    1 => '2',
    2 => '3',
    14 => '4',
    15 => '5',
    19 => '9',
  ),
)
[ info ] [ DB ] INIT mysql
[ info ] [ RUN ] app\admin\controller\Powermanage->rolenodes[ D:\phpStudy\WWW\tp5\application\admin\controller\Powermanage.php ]
[ info ] [ SESSION ] INIT array (
  'id' => '',
  'var_session_id' => '',
  'prefix' => 'think',
  'type' => '',
  'auto_start' => true,
)
[ info ] [ LOG ] INIT File

---------------------------------------------------------------
[ 2018-04-23T00:15:16+08:00 ] 127.0.0.1 127.0.0.1 GET /admin/Powermanage/rolelist
[ log ] localtp5.com/admin/Powermanage/rolelist [运行时间：0.074183s][吞吐率：13.48req/s] [内存消耗：2,267.07kb] [文件加载：60]
[ info ] [ LANG ] D:\phpStudy\WWW\tp5\thinkphp\lang\zh-cn.php
[ info ] [ ROUTE ] array (
  'type' => 'module',
  'module' => 
  array (
    0 => 'admin',
    1 => 'Powermanage',
    2 => 'rolelist',
  ),
)
[ info ] [ HEADER ] array (
  'cookie' => 'PHPSESSID=jl38klcl3elvbjts3shfc75ic4',
  'accept-language' => 'zh-CN,zh;q=0.8',
  'accept-encoding' => 'gzip, deflate, sdch',
  'referer' => 'http://localtp5.com/admin/Powermanage/rolelist',
  'accept' => 'text/html,application/xhtml+xml,application/xml;q=0.9,image/webp,*/*;q=0.8',
  'user-agent' => 'Mozilla/5.0 (Windows NT 10.0; WOW64) AppleWebKit/537.36 (KHTML, like Gecko) Chrome/57.0.2987.98 Safari/537.36',
  'upgrade-insecure-requests' => '1',
  'cache-control' => 'max-age=0',
  'connection' => 'keep-alive',
  'host' => 'localtp5.com',
  'content-length' => '',
  'content-type' => '',
)
[ info ] [ PARAM ] array (
)
[ info ] [ DB ] INIT mysql
[ info ] [ RUN ] app\admin\controller\Powermanage->rolelist[ D:\phpStudy\WWW\tp5\application\admin\controller\Powermanage.php ]
[ info ] [ SESSION ] INIT array (
  'id' => '',
  'var_session_id' => '',
  'prefix' => 'think',
  'type' => '',
  'auto_start' => true,
)
[ info ] [ VIEW ] D:\phpStudy\WWW\tp5\public/../application/admin\view\powermanage\rolelist.html [ array (
  0 => 'headmenues',
  1 => 'submenues',
  2 => 'sysuser',
  3 => 'gradenum',
  4 => 'markid',
  5 => 'sysmsg',
  6 => 'syscode',
  7 => 'list',
) ]
[ info ] [ LOG ] INIT File

---------------------------------------------------------------
[ 2018-04-23T00:15:18+08:00 ] 127.0.0.1 127.0.0.1 GET /admin/Powermanage/rolenodes/rid/2
[ log ] localtp5.com/admin/Powermanage/rolenodes/rid/2 [运行时间：0.141844s][吞吐率：7.05req/s] [内存消耗：2,260.02kb] [文件加载：60]
[ info ] [ LANG ] D:\phpStudy\WWW\tp5\thinkphp\lang\zh-cn.php
[ info ] [ ROUTE ] array (
  'type' => 'module',
  'module' => 
  array (
    0 => 'admin',
    1 => 'Powermanage',
    2 => 'rolenodes',
  ),
)
[ info ] [ HEADER ] array (
  'cookie' => 'PHPSESSID=jl38klcl3elvbjts3shfc75ic4',
  'accept-language' => 'zh-CN,zh;q=0.8',
  'accept-encoding' => 'gzip, deflate, sdch',
  'referer' => 'http://localtp5.com/admin/Powermanage/rolelist',
  'accept' => 'text/html,application/xhtml+xml,application/xml;q=0.9,image/webp,*/*;q=0.8',
  'user-agent' => 'Mozilla/5.0 (Windows NT 10.0; WOW64) AppleWebKit/537.36 (KHTML, like Gecko) Chrome/57.0.2987.98 Safari/537.36',
  'upgrade-insecure-requests' => '1',
  'connection' => 'keep-alive',
  'host' => 'localtp5.com',
  'content-length' => '',
  'content-type' => '',
)
[ info ] [ PARAM ] array (
  'rid' => '2',
)
[ info ] [ DB ] INIT mysql
[ info ] [ RUN ] app\admin\controller\Powermanage->rolenodes[ D:\phpStudy\WWW\tp5\application\admin\controller\Powermanage.php ]
[ info ] [ VIEW ] D:\phpStudy\WWW\tp5\public/../application/admin\view\powermanage\rolenodes.html [ array (
  0 => 'list',
  1 => 'rid',
) ]
[ info ] [ LOG ] INIT File

---------------------------------------------------------------
[ 2018-04-23T00:16:48+08:00 ] 127.0.0.1 127.0.0.1 GET /admin/Powermanage/rolelist
[ log ] localtp5.com/admin/Powermanage/rolelist [运行时间：0.085252s][吞吐率：11.73req/s] [内存消耗：2,266.84kb] [文件加载：60]
[ info ] [ LANG ] D:\phpStudy\WWW\tp5\thinkphp\lang\zh-cn.php
[ info ] [ ROUTE ] array (
  'type' => 'module',
  'module' => 
  array (
    0 => 'admin',
    1 => 'Powermanage',
    2 => 'rolelist',
  ),
)
[ info ] [ HEADER ] array (
  'cookie' => 'PHPSESSID=jl38klcl3elvbjts3shfc75ic4',
  'accept-language' => 'zh-CN,zh;q=0.8',
  'accept-encoding' => 'gzip, deflate, sdch',
  'referer' => 'http://localtp5.com/admin/Powermanage/rolelist',
  'accept' => 'text/html,application/xhtml+xml,application/xml;q=0.9,image/webp,*/*;q=0.8',
  'user-agent' => 'Mozilla/5.0 (Windows NT 10.0; WOW64) AppleWebKit/537.36 (KHTML, like Gecko) Chrome/57.0.2987.98 Safari/537.36',
  'upgrade-insecure-requests' => '1',
  'connection' => 'keep-alive',
  'host' => 'localtp5.com',
  'content-length' => '',
  'content-type' => '',
)
[ info ] [ PARAM ] array (
)
[ info ] [ DB ] INIT mysql
[ info ] [ RUN ] app\admin\controller\Powermanage->rolelist[ D:\phpStudy\WWW\tp5\application\admin\controller\Powermanage.php ]
[ info ] [ SESSION ] INIT array (
  'id' => '',
  'var_session_id' => '',
  'prefix' => 'think',
  'type' => '',
  'auto_start' => true,
)
[ info ] [ VIEW ] D:\phpStudy\WWW\tp5\public/../application/admin\view\powermanage\rolelist.html [ array (
  0 => 'headmenues',
  1 => 'submenues',
  2 => 'sysuser',
  3 => 'gradenum',
  4 => 'markid',
  5 => 'sysmsg',
  6 => 'syscode',
  7 => 'list',
) ]
[ info ] [ LOG ] INIT File

---------------------------------------------------------------
[ 2018-04-23T00:16:49+08:00 ] 127.0.0.1 127.0.0.1 GET /admin/Powermanage/rolenodes/rid/2
[ log ] localtp5.com/admin/Powermanage/rolenodes/rid/2 [运行时间：0.123457s][吞吐率：8.10req/s] [内存消耗：2,260.06kb] [文件加载：60]
[ info ] [ LANG ] D:\phpStudy\WWW\tp5\thinkphp\lang\zh-cn.php
[ info ] [ ROUTE ] array (
  'type' => 'module',
  'module' => 
  array (
    0 => 'admin',
    1 => 'Powermanage',
    2 => 'rolenodes',
  ),
)
[ info ] [ HEADER ] array (
  'cookie' => 'PHPSESSID=jl38klcl3elvbjts3shfc75ic4',
  'accept-language' => 'zh-CN,zh;q=0.8',
  'accept-encoding' => 'gzip, deflate, sdch',
  'referer' => 'http://localtp5.com/admin/Powermanage/rolelist',
  'accept' => 'text/html,application/xhtml+xml,application/xml;q=0.9,image/webp,*/*;q=0.8',
  'user-agent' => 'Mozilla/5.0 (Windows NT 10.0; WOW64) AppleWebKit/537.36 (KHTML, like Gecko) Chrome/57.0.2987.98 Safari/537.36',
  'upgrade-insecure-requests' => '1',
  'connection' => 'keep-alive',
  'host' => 'localtp5.com',
  'content-length' => '',
  'content-type' => '',
)
[ info ] [ PARAM ] array (
  'rid' => '2',
)
[ info ] [ DB ] INIT mysql
[ info ] [ RUN ] app\admin\controller\Powermanage->rolenodes[ D:\phpStudy\WWW\tp5\application\admin\controller\Powermanage.php ]
[ info ] [ VIEW ] D:\phpStudy\WWW\tp5\public/../application/admin\view\powermanage\rolenodes.html [ array (
  0 => 'list',
  1 => 'rid',
) ]
[ info ] [ LOG ] INIT File

---------------------------------------------------------------
[ 2018-04-23T00:16:54+08:00 ] 127.0.0.1 127.0.0.1 POST /admin/powermanage/rolenodes.html
[ log ] localtp5.com/admin/powermanage/rolenodes.html [运行时间：0.081071s][吞吐率：12.33req/s] [内存消耗：2,172.58kb] [文件加载：56]
[ info ] [ LANG ] D:\phpStudy\WWW\tp5\thinkphp\lang\zh-cn.php
[ info ] [ ROUTE ] array (
  'type' => 'module',
  'module' => 
  array (
    0 => 'admin',
    1 => 'powermanage',
    2 => 'rolenodes',
  ),
)
[ info ] [ HEADER ] array (
  'cookie' => 'PHPSESSID=jl38klcl3elvbjts3shfc75ic4',
  'accept-language' => 'zh-CN,zh;q=0.8',
  'accept-encoding' => 'gzip, deflate',
  'referer' => 'http://localtp5.com/admin/Powermanage/rolenodes/rid/2',
  'content-type' => 'application/x-www-form-urlencoded; charset=UTF-8',
  'user-agent' => 'Mozilla/5.0 (Windows NT 10.0; WOW64) AppleWebKit/537.36 (KHTML, like Gecko) Chrome/57.0.2987.98 Safari/537.36',
  'x-requested-with' => 'XMLHttpRequest',
  'origin' => 'http://localtp5.com',
  'accept' => '*/*',
  'content-length' => '45',
  'connection' => 'keep-alive',
  'host' => 'localtp5.com',
)
[ info ] [ PARAM ] array (
  'rid' => '2',
  'roleaccess' => 
  array (
    0 => '1',
    1 => '2',
  ),
)
[ info ] [ DB ] INIT mysql
[ info ] [ RUN ] app\admin\controller\Powermanage->rolenodes[ D:\phpStudy\WWW\tp5\application\admin\controller\Powermanage.php ]
[ info ] [ SESSION ] INIT array (
  'id' => '',
  'var_session_id' => '',
  'prefix' => 'think',
  'type' => '',
  'auto_start' => true,
)
[ info ] [ LOG ] INIT File

---------------------------------------------------------------
[ 2018-04-23T00:16:54+08:00 ] 127.0.0.1 127.0.0.1 GET /admin/Powermanage/rolelist
[ log ] localtp5.com/admin/Powermanage/rolelist [运行时间：0.087615s][吞吐率：11.41req/s] [内存消耗：2,267.00kb] [文件加载：60]
[ info ] [ LANG ] D:\phpStudy\WWW\tp5\thinkphp\lang\zh-cn.php
[ info ] [ ROUTE ] array (
  'type' => 'module',
  'module' => 
  array (
    0 => 'admin',
    1 => 'Powermanage',
    2 => 'rolelist',
  ),
)
[ info ] [ HEADER ] array (
  'cookie' => 'PHPSESSID=jl38klcl3elvbjts3shfc75ic4',
  'accept-language' => 'zh-CN,zh;q=0.8',
  'accept-encoding' => 'gzip, deflate, sdch',
  'referer' => 'http://localtp5.com/admin/Powermanage/rolelist',
  'accept' => 'text/html,application/xhtml+xml,application/xml;q=0.9,image/webp,*/*;q=0.8',
  'user-agent' => 'Mozilla/5.0 (Windows NT 10.0; WOW64) AppleWebKit/537.36 (KHTML, like Gecko) Chrome/57.0.2987.98 Safari/537.36',
  'upgrade-insecure-requests' => '1',
  'cache-control' => 'max-age=0',
  'connection' => 'keep-alive',
  'host' => 'localtp5.com',
  'content-length' => '',
  'content-type' => '',
)
[ info ] [ PARAM ] array (
)
[ info ] [ DB ] INIT mysql
[ info ] [ RUN ] app\admin\controller\Powermanage->rolelist[ D:\phpStudy\WWW\tp5\application\admin\controller\Powermanage.php ]
[ info ] [ SESSION ] INIT array (
  'id' => '',
  'var_session_id' => '',
  'prefix' => 'think',
  'type' => '',
  'auto_start' => true,
)
[ info ] [ VIEW ] D:\phpStudy\WWW\tp5\public/../application/admin\view\powermanage\rolelist.html [ array (
  0 => 'headmenues',
  1 => 'submenues',
  2 => 'sysuser',
  3 => 'gradenum',
  4 => 'markid',
  5 => 'sysmsg',
  6 => 'syscode',
  7 => 'list',
) ]
[ info ] [ LOG ] INIT File

---------------------------------------------------------------
[ 2018-04-23T00:16:56+08:00 ] 127.0.0.1 127.0.0.1 GET /admin/Powermanage/rolenodes/rid/2
[ log ] localtp5.com/admin/Powermanage/rolenodes/rid/2 [运行时间：0.108961s][吞吐率：9.18req/s] [内存消耗：2,259.93kb] [文件加载：60]
[ info ] [ LANG ] D:\phpStudy\WWW\tp5\thinkphp\lang\zh-cn.php
[ info ] [ ROUTE ] array (
  'type' => 'module',
  'module' => 
  array (
    0 => 'admin',
    1 => 'Powermanage',
    2 => 'rolenodes',
  ),
)
[ info ] [ HEADER ] array (
  'cookie' => 'PHPSESSID=jl38klcl3elvbjts3shfc75ic4',
  'accept-language' => 'zh-CN,zh;q=0.8',
  'accept-encoding' => 'gzip, deflate, sdch',
  'referer' => 'http://localtp5.com/admin/Powermanage/rolelist',
  'accept' => 'text/html,application/xhtml+xml,application/xml;q=0.9,image/webp,*/*;q=0.8',
  'user-agent' => 'Mozilla/5.0 (Windows NT 10.0; WOW64) AppleWebKit/537.36 (KHTML, like Gecko) Chrome/57.0.2987.98 Safari/537.36',
  'upgrade-insecure-requests' => '1',
  'connection' => 'keep-alive',
  'host' => 'localtp5.com',
  'content-length' => '',
  'content-type' => '',
)
[ info ] [ PARAM ] array (
  'rid' => '2',
)
[ info ] [ DB ] INIT mysql
[ info ] [ RUN ] app\admin\controller\Powermanage->rolenodes[ D:\phpStudy\WWW\tp5\application\admin\controller\Powermanage.php ]
[ info ] [ VIEW ] D:\phpStudy\WWW\tp5\public/../application/admin\view\powermanage\rolenodes.html [ array (
  0 => 'list',
  1 => 'rid',
) ]
[ info ] [ LOG ] INIT File

---------------------------------------------------------------
[ 2018-04-23T00:17:07+08:00 ] 127.0.0.1 127.0.0.1 POST /admin/powermanage/rolenodes.html
[ log ] localtp5.com/admin/powermanage/rolenodes.html [运行时间：0.086579s][吞吐率：11.55req/s] [内存消耗：2,175.77kb] [文件加载：56]
[ info ] [ LANG ] D:\phpStudy\WWW\tp5\thinkphp\lang\zh-cn.php
[ info ] [ ROUTE ] array (
  'type' => 'module',
  'module' => 
  array (
    0 => 'admin',
    1 => 'powermanage',
    2 => 'rolenodes',
  ),
)
[ info ] [ HEADER ] array (
  'cookie' => 'PHPSESSID=jl38klcl3elvbjts3shfc75ic4',
  'accept-language' => 'zh-CN,zh;q=0.8',
  'accept-encoding' => 'gzip, deflate',
  'referer' => 'http://localtp5.com/admin/Powermanage/rolenodes/rid/2',
  'content-type' => 'application/x-www-form-urlencoded; charset=UTF-8',
  'user-agent' => 'Mozilla/5.0 (Windows NT 10.0; WOW64) AppleWebKit/537.36 (KHTML, like Gecko) Chrome/57.0.2987.98 Safari/537.36',
  'x-requested-with' => 'XMLHttpRequest',
  'origin' => 'http://localtp5.com',
  'accept' => '*/*',
  'content-length' => '107',
  'connection' => 'keep-alive',
  'host' => 'localtp5.com',
)
[ info ] [ PARAM ] array (
  'rid' => '2',
  'roleaccess' => 
  array (
    0 => '1',
    1 => '2',
    2 => '3',
    14 => '4',
    15 => '5',
  ),
)
[ info ] [ DB ] INIT mysql
[ info ] [ RUN ] app\admin\controller\Powermanage->rolenodes[ D:\phpStudy\WWW\tp5\application\admin\controller\Powermanage.php ]
[ info ] [ SESSION ] INIT array (
  'id' => '',
  'var_session_id' => '',
  'prefix' => 'think',
  'type' => '',
  'auto_start' => true,
)
[ info ] [ LOG ] INIT File

---------------------------------------------------------------
[ 2018-04-23T00:17:07+08:00 ] 127.0.0.1 127.0.0.1 GET /admin/Powermanage/rolelist
[ log ] localtp5.com/admin/Powermanage/rolelist [运行时间：0.083831s][吞吐率：11.93req/s] [内存消耗：2,267.00kb] [文件加载：60]
[ info ] [ LANG ] D:\phpStudy\WWW\tp5\thinkphp\lang\zh-cn.php
[ info ] [ ROUTE ] array (
  'type' => 'module',
  'module' => 
  array (
    0 => 'admin',
    1 => 'Powermanage',
    2 => 'rolelist',
  ),
)
[ info ] [ HEADER ] array (
  'cookie' => 'PHPSESSID=jl38klcl3elvbjts3shfc75ic4',
  'accept-language' => 'zh-CN,zh;q=0.8',
  'accept-encoding' => 'gzip, deflate, sdch',
  'referer' => 'http://localtp5.com/admin/Powermanage/rolelist',
  'accept' => 'text/html,application/xhtml+xml,application/xml;q=0.9,image/webp,*/*;q=0.8',
  'user-agent' => 'Mozilla/5.0 (Windows NT 10.0; WOW64) AppleWebKit/537.36 (KHTML, like Gecko) Chrome/57.0.2987.98 Safari/537.36',
  'upgrade-insecure-requests' => '1',
  'cache-control' => 'max-age=0',
  'connection' => 'keep-alive',
  'host' => 'localtp5.com',
  'content-length' => '',
  'content-type' => '',
)
[ info ] [ PARAM ] array (
)
[ info ] [ DB ] INIT mysql
[ info ] [ RUN ] app\admin\controller\Powermanage->rolelist[ D:\phpStudy\WWW\tp5\application\admin\controller\Powermanage.php ]
[ info ] [ SESSION ] INIT array (
  'id' => '',
  'var_session_id' => '',
  'prefix' => 'think',
  'type' => '',
  'auto_start' => true,
)
[ info ] [ VIEW ] D:\phpStudy\WWW\tp5\public/../application/admin\view\powermanage\rolelist.html [ array (
  0 => 'headmenues',
  1 => 'submenues',
  2 => 'sysuser',
  3 => 'gradenum',
  4 => 'markid',
  5 => 'sysmsg',
  6 => 'syscode',
  7 => 'list',
) ]
[ info ] [ LOG ] INIT File

---------------------------------------------------------------
[ 2018-04-23T00:17:09+08:00 ] 127.0.0.1 127.0.0.1 GET /admin/Powermanage/rolenodes/rid/2
[ log ] localtp5.com/admin/Powermanage/rolenodes/rid/2 [运行时间：0.134575s][吞吐率：7.43req/s] [内存消耗：2,259.94kb] [文件加载：60]
[ info ] [ LANG ] D:\phpStudy\WWW\tp5\thinkphp\lang\zh-cn.php
[ info ] [ ROUTE ] array (
  'type' => 'module',
  'module' => 
  array (
    0 => 'admin',
    1 => 'Powermanage',
    2 => 'rolenodes',
  ),
)
[ info ] [ HEADER ] array (
  'cookie' => 'PHPSESSID=jl38klcl3elvbjts3shfc75ic4',
  'accept-language' => 'zh-CN,zh;q=0.8',
  'accept-encoding' => 'gzip, deflate, sdch',
  'referer' => 'http://localtp5.com/admin/Powermanage/rolelist',
  'accept' => 'text/html,application/xhtml+xml,application/xml;q=0.9,image/webp,*/*;q=0.8',
  'user-agent' => 'Mozilla/5.0 (Windows NT 10.0; WOW64) AppleWebKit/537.36 (KHTML, like Gecko) Chrome/57.0.2987.98 Safari/537.36',
  'upgrade-insecure-requests' => '1',
  'connection' => 'keep-alive',
  'host' => 'localtp5.com',
  'content-length' => '',
  'content-type' => '',
)
[ info ] [ PARAM ] array (
  'rid' => '2',
)
[ info ] [ DB ] INIT mysql
[ info ] [ RUN ] app\admin\controller\Powermanage->rolenodes[ D:\phpStudy\WWW\tp5\application\admin\controller\Powermanage.php ]
[ info ] [ VIEW ] D:\phpStudy\WWW\tp5\public/../application/admin\view\powermanage\rolenodes.html [ array (
  0 => 'list',
  1 => 'rid',
) ]
[ info ] [ LOG ] INIT File

---------------------------------------------------------------
[ 2018-04-23T00:17:12+08:00 ] 127.0.0.1 127.0.0.1 POST /admin/powermanage/rolenodes.html
[ log ] localtp5.com/admin/powermanage/rolenodes.html [运行时间：0.070779s][吞吐率：14.13req/s] [内存消耗：2,178.91kb] [文件加载：56]
[ info ] [ LANG ] D:\phpStudy\WWW\tp5\thinkphp\lang\zh-cn.php
[ info ] [ ROUTE ] array (
  'type' => 'module',
  'module' => 
  array (
    0 => 'admin',
    1 => 'powermanage',
    2 => 'rolenodes',
  ),
)
[ info ] [ HEADER ] array (
  'cookie' => 'PHPSESSID=jl38klcl3elvbjts3shfc75ic4',
  'accept-language' => 'zh-CN,zh;q=0.8',
  'accept-encoding' => 'gzip, deflate',
  'referer' => 'http://localtp5.com/admin/Powermanage/rolenodes/rid/2',
  'content-type' => 'application/x-www-form-urlencoded; charset=UTF-8',
  'user-agent' => 'Mozilla/5.0 (Windows NT 10.0; WOW64) AppleWebKit/537.36 (KHTML, like Gecko) Chrome/57.0.2987.98 Safari/537.36',
  'x-requested-with' => 'XMLHttpRequest',
  'origin' => 'http://localtp5.com',
  'accept' => '*/*',
  'content-length' => '173',
  'connection' => 'keep-alive',
  'host' => 'localtp5.com',
)
[ info ] [ PARAM ] array (
  'rid' => '2',
  'roleaccess' => 
  array (
    0 => '1',
    1 => '2',
    2 => '3',
    14 => '4',
    15 => '5',
    16 => '10',
    17 => '11',
    18 => '12',
  ),
)
[ info ] [ DB ] INIT mysql
[ info ] [ RUN ] app\admin\controller\Powermanage->rolenodes[ D:\phpStudy\WWW\tp5\application\admin\controller\Powermanage.php ]
[ info ] [ SESSION ] INIT array (
  'id' => '',
  'var_session_id' => '',
  'prefix' => 'think',
  'type' => '',
  'auto_start' => true,
)
[ info ] [ LOG ] INIT File

---------------------------------------------------------------
[ 2018-04-23T00:17:12+08:00 ] 127.0.0.1 127.0.0.1 GET /admin/Powermanage/rolelist
[ log ] localtp5.com/admin/Powermanage/rolelist [运行时间：0.082301s][吞吐率：12.15req/s] [内存消耗：2,267.00kb] [文件加载：60]
[ info ] [ LANG ] D:\phpStudy\WWW\tp5\thinkphp\lang\zh-cn.php
[ info ] [ ROUTE ] array (
  'type' => 'module',
  'module' => 
  array (
    0 => 'admin',
    1 => 'Powermanage',
    2 => 'rolelist',
  ),
)
[ info ] [ HEADER ] array (
  'cookie' => 'PHPSESSID=jl38klcl3elvbjts3shfc75ic4',
  'accept-language' => 'zh-CN,zh;q=0.8',
  'accept-encoding' => 'gzip, deflate, sdch',
  'referer' => 'http://localtp5.com/admin/Powermanage/rolelist',
  'accept' => 'text/html,application/xhtml+xml,application/xml;q=0.9,image/webp,*/*;q=0.8',
  'user-agent' => 'Mozilla/5.0 (Windows NT 10.0; WOW64) AppleWebKit/537.36 (KHTML, like Gecko) Chrome/57.0.2987.98 Safari/537.36',
  'upgrade-insecure-requests' => '1',
  'cache-control' => 'max-age=0',
  'connection' => 'keep-alive',
  'host' => 'localtp5.com',
  'content-length' => '',
  'content-type' => '',
)
[ info ] [ PARAM ] array (
)
[ info ] [ DB ] INIT mysql
[ info ] [ RUN ] app\admin\controller\Powermanage->rolelist[ D:\phpStudy\WWW\tp5\application\admin\controller\Powermanage.php ]
[ info ] [ SESSION ] INIT array (
  'id' => '',
  'var_session_id' => '',
  'prefix' => 'think',
  'type' => '',
  'auto_start' => true,
)
[ info ] [ VIEW ] D:\phpStudy\WWW\tp5\public/../application/admin\view\powermanage\rolelist.html [ array (
  0 => 'headmenues',
  1 => 'submenues',
  2 => 'sysuser',
  3 => 'gradenum',
  4 => 'markid',
  5 => 'sysmsg',
  6 => 'syscode',
  7 => 'list',
) ]
[ info ] [ LOG ] INIT File

---------------------------------------------------------------
[ 2018-04-23T00:17:13+08:00 ] 127.0.0.1 127.0.0.1 GET /admin/Powermanage/rolenodes/rid/2
[ log ] localtp5.com/admin/Powermanage/rolenodes/rid/2 [运行时间：0.140637s][吞吐率：7.11req/s] [内存消耗：2,259.94kb] [文件加载：60]
[ info ] [ LANG ] D:\phpStudy\WWW\tp5\thinkphp\lang\zh-cn.php
[ info ] [ ROUTE ] array (
  'type' => 'module',
  'module' => 
  array (
    0 => 'admin',
    1 => 'Powermanage',
    2 => 'rolenodes',
  ),
)
[ info ] [ HEADER ] array (
  'cookie' => 'PHPSESSID=jl38klcl3elvbjts3shfc75ic4',
  'accept-language' => 'zh-CN,zh;q=0.8',
  'accept-encoding' => 'gzip, deflate, sdch',
  'referer' => 'http://localtp5.com/admin/Powermanage/rolelist',
  'accept' => 'text/html,application/xhtml+xml,application/xml;q=0.9,image/webp,*/*;q=0.8',
  'user-agent' => 'Mozilla/5.0 (Windows NT 10.0; WOW64) AppleWebKit/537.36 (KHTML, like Gecko) Chrome/57.0.2987.98 Safari/537.36',
  'upgrade-insecure-requests' => '1',
  'connection' => 'keep-alive',
  'host' => 'localtp5.com',
  'content-length' => '',
  'content-type' => '',
)
[ info ] [ PARAM ] array (
  'rid' => '2',
)
[ info ] [ DB ] INIT mysql
[ info ] [ RUN ] app\admin\controller\Powermanage->rolenodes[ D:\phpStudy\WWW\tp5\application\admin\controller\Powermanage.php ]
[ info ] [ VIEW ] D:\phpStudy\WWW\tp5\public/../application/admin\view\powermanage\rolenodes.html [ array (
  0 => 'list',
  1 => 'rid',
) ]
[ info ] [ LOG ] INIT File

---------------------------------------------------------------
[ 2018-04-23T00:17:17+08:00 ] 127.0.0.1 127.0.0.1 POST /admin/powermanage/rolenodes.html
[ log ] localtp5.com/admin/powermanage/rolenodes.html [运行时间：0.081791s][吞吐率：12.23req/s] [内存消耗：2,175.77kb] [文件加载：56]
[ info ] [ LANG ] D:\phpStudy\WWW\tp5\thinkphp\lang\zh-cn.php
[ info ] [ ROUTE ] array (
  'type' => 'module',
  'module' => 
  array (
    0 => 'admin',
    1 => 'powermanage',
    2 => 'rolenodes',
  ),
)
[ info ] [ HEADER ] array (
  'cookie' => 'PHPSESSID=jl38klcl3elvbjts3shfc75ic4',
  'accept-language' => 'zh-CN,zh;q=0.8',
  'accept-encoding' => 'gzip, deflate',
  'referer' => 'http://localtp5.com/admin/Powermanage/rolenodes/rid/2',
  'content-type' => 'application/x-www-form-urlencoded; charset=UTF-8',
  'user-agent' => 'Mozilla/5.0 (Windows NT 10.0; WOW64) AppleWebKit/537.36 (KHTML, like Gecko) Chrome/57.0.2987.98 Safari/537.36',
  'x-requested-with' => 'XMLHttpRequest',
  'origin' => 'http://localtp5.com',
  'accept' => '*/*',
  'content-length' => '107',
  'connection' => 'keep-alive',
  'host' => 'localtp5.com',
)
[ info ] [ PARAM ] array (
  'rid' => '2',
  'roleaccess' => 
  array (
    0 => '1',
    1 => '2',
    2 => '3',
    14 => '4',
    15 => '5',
  ),
)
[ info ] [ DB ] INIT mysql
[ info ] [ RUN ] app\admin\controller\Powermanage->rolenodes[ D:\phpStudy\WWW\tp5\application\admin\controller\Powermanage.php ]
[ info ] [ SESSION ] INIT array (
  'id' => '',
  'var_session_id' => '',
  'prefix' => 'think',
  'type' => '',
  'auto_start' => true,
)
[ info ] [ LOG ] INIT File

---------------------------------------------------------------
[ 2018-04-23T00:17:17+08:00 ] 127.0.0.1 127.0.0.1 GET /admin/Powermanage/rolelist
[ log ] localtp5.com/admin/Powermanage/rolelist [运行时间：0.090306s][吞吐率：11.07req/s] [内存消耗：2,267.00kb] [文件加载：60]
[ info ] [ LANG ] D:\phpStudy\WWW\tp5\thinkphp\lang\zh-cn.php
[ info ] [ ROUTE ] array (
  'type' => 'module',
  'module' => 
  array (
    0 => 'admin',
    1 => 'Powermanage',
    2 => 'rolelist',
  ),
)
[ info ] [ HEADER ] array (
  'cookie' => 'PHPSESSID=jl38klcl3elvbjts3shfc75ic4',
  'accept-language' => 'zh-CN,zh;q=0.8',
  'accept-encoding' => 'gzip, deflate, sdch',
  'referer' => 'http://localtp5.com/admin/Powermanage/rolelist',
  'accept' => 'text/html,application/xhtml+xml,application/xml;q=0.9,image/webp,*/*;q=0.8',
  'user-agent' => 'Mozilla/5.0 (Windows NT 10.0; WOW64) AppleWebKit/537.36 (KHTML, like Gecko) Chrome/57.0.2987.98 Safari/537.36',
  'upgrade-insecure-requests' => '1',
  'cache-control' => 'max-age=0',
  'connection' => 'keep-alive',
  'host' => 'localtp5.com',
  'content-length' => '',
  'content-type' => '',
)
[ info ] [ PARAM ] array (
)
[ info ] [ DB ] INIT mysql
[ info ] [ RUN ] app\admin\controller\Powermanage->rolelist[ D:\phpStudy\WWW\tp5\application\admin\controller\Powermanage.php ]
[ info ] [ SESSION ] INIT array (
  'id' => '',
  'var_session_id' => '',
  'prefix' => 'think',
  'type' => '',
  'auto_start' => true,
)
[ info ] [ VIEW ] D:\phpStudy\WWW\tp5\public/../application/admin\view\powermanage\rolelist.html [ array (
  0 => 'headmenues',
  1 => 'submenues',
  2 => 'sysuser',
  3 => 'gradenum',
  4 => 'markid',
  5 => 'sysmsg',
  6 => 'syscode',
  7 => 'list',
) ]
[ info ] [ LOG ] INIT File

---------------------------------------------------------------
[ 2018-04-23T00:17:19+08:00 ] 127.0.0.1 127.0.0.1 GET /admin/Powermanage/rolenodes/rid/2
[ log ] localtp5.com/admin/Powermanage/rolenodes/rid/2 [运行时间：0.148108s][吞吐率：6.75req/s] [内存消耗：2,259.94kb] [文件加载：60]
[ info ] [ LANG ] D:\phpStudy\WWW\tp5\thinkphp\lang\zh-cn.php
[ info ] [ ROUTE ] array (
  'type' => 'module',
  'module' => 
  array (
    0 => 'admin',
    1 => 'Powermanage',
    2 => 'rolenodes',
  ),
)
[ info ] [ HEADER ] array (
  'cookie' => 'PHPSESSID=jl38klcl3elvbjts3shfc75ic4',
  'accept-language' => 'zh-CN,zh;q=0.8',
  'accept-encoding' => 'gzip, deflate, sdch',
  'referer' => 'http://localtp5.com/admin/Powermanage/rolelist',
  'accept' => 'text/html,application/xhtml+xml,application/xml;q=0.9,image/webp,*/*;q=0.8',
  'user-agent' => 'Mozilla/5.0 (Windows NT 10.0; WOW64) AppleWebKit/537.36 (KHTML, like Gecko) Chrome/57.0.2987.98 Safari/537.36',
  'upgrade-insecure-requests' => '1',
  'connection' => 'keep-alive',
  'host' => 'localtp5.com',
  'content-length' => '',
  'content-type' => '',
)
[ info ] [ PARAM ] array (
  'rid' => '2',
)
[ info ] [ DB ] INIT mysql
[ info ] [ RUN ] app\admin\controller\Powermanage->rolenodes[ D:\phpStudy\WWW\tp5\application\admin\controller\Powermanage.php ]
[ info ] [ VIEW ] D:\phpStudy\WWW\tp5\public/../application/admin\view\powermanage\rolenodes.html [ array (
  0 => 'list',
  1 => 'rid',
) ]
[ info ] [ LOG ] INIT File

---------------------------------------------------------------
[ 2018-04-23T00:17:51+08:00 ] 127.0.0.1 127.0.0.1 GET /admin/Powermanage/rolenodes/rid/2
[ log ] localtp5.com/admin/Powermanage/rolenodes/rid/2 [运行时间：0.146873s][吞吐率：6.81req/s] [内存消耗：2,259.94kb] [文件加载：60]
[ info ] [ LANG ] D:\phpStudy\WWW\tp5\thinkphp\lang\zh-cn.php
[ info ] [ ROUTE ] array (
  'type' => 'module',
  'module' => 
  array (
    0 => 'admin',
    1 => 'Powermanage',
    2 => 'rolenodes',
  ),
)
[ info ] [ HEADER ] array (
  'cookie' => 'PHPSESSID=jl38klcl3elvbjts3shfc75ic4',
  'accept-language' => 'zh-CN,zh;q=0.8',
  'accept-encoding' => 'gzip, deflate, sdch',
  'referer' => 'http://localtp5.com/admin/Powermanage/rolelist',
  'accept' => 'text/html,application/xhtml+xml,application/xml;q=0.9,image/webp,*/*;q=0.8',
  'user-agent' => 'Mozilla/5.0 (Windows NT 10.0; WOW64) AppleWebKit/537.36 (KHTML, like Gecko) Chrome/57.0.2987.98 Safari/537.36',
  'upgrade-insecure-requests' => '1',
  'connection' => 'keep-alive',
  'host' => 'localtp5.com',
  'content-length' => '',
  'content-type' => '',
)
[ info ] [ PARAM ] array (
  'rid' => '2',
)
[ info ] [ DB ] INIT mysql
[ info ] [ RUN ] app\admin\controller\Powermanage->rolenodes[ D:\phpStudy\WWW\tp5\application\admin\controller\Powermanage.php ]
[ info ] [ VIEW ] D:\phpStudy\WWW\tp5\public/../application/admin\view\powermanage\rolenodes.html [ array (
  0 => 'list',
  1 => 'rid',
) ]
[ info ] [ LOG ] INIT File

---------------------------------------------------------------
